node : (node:26980) 
ExperimentalWarning: VM 
Modules is an experimental 
feature and might change at 
any time
At line:1 char:1
+ node 
--experimental-vm-modules nod
e_modules/jest/bin/jest.js 
--config ...
+ ~~~~~~~~~~~~~~~~~~~~~~~~~~~
~~~~~~~~~~~~~~~~~~~~~~~~~~~~~
~~~~~~~~~~~~~
    + CategoryInfo           
   : NotSpecified: ((node:2  
  6980) Ex...nge at any ti   
 me:String) [], RemoteExc    
eption
    + FullyQualifiedErrorId  
   : NativeCommandError
 
(Use `node --trace-warnings 
...` to show where the 
warning was created)
FAIL tests/backend-regression
/authApi.test.js (6.303 s)
  Backend Regression: Auth 
API
    POST /api/auth/register
      ΓêÜ Regression: 
returns 201 with token + 
user on valid registration 
(438 ms)
      ΓêÜ Regression: 
returns 409 on duplicate 
email (383 ms)
      ΓêÜ Regression: 
returns 400 when required 
fields are missing (11 ms)
      ΓêÜ Regression: does 
not accept weak/short 
passwords (10 ms)
    POST /api/auth/login
      ΓêÜ Regression: 
returns 200 with token on 
valid credentials (733 ms)
      ΓêÜ Regression: 
returns 401 on wrong 
password (731 ms)
      ΓêÜ Regression: 
returns 401 on non-existent 
email (17 ms)
      ΓêÜ Regression: 
returns 400 when body is 
empty (10 ms)
    GET /api/auth/me
      ├ù Regression: returns 
200 with user profile for 
valid token (369 ms)
      ΓêÜ Regression: 
returns 401 without a token 
(9 ms)
      ΓêÜ Regression: 
returns 401 with a tampered 
token (12 ms)

  ΓùÅ Backend Regression: 
Auth API ΓÇ║ GET 
/api/auth/me ΓÇ║ Regression: 
returns 200 with user 
profile for valid token

    expect(received).toHavePr
operty(path)

    Expected path: "id"
    Received path: []

    Received value: {"_id": 
"69afaf596db8af4bb97b4fea", 
"authProvider": "local", 
"avatar": "", "canvases": 
[], "createdAt": 
"2026-03-10T05:42:49.143Z", 
"displayName": "TestUser1", 
"email": "testuser1_177312136
9136@integration.test", 
"lastLoginAt": 
"2026-03-10T05:42:49.142Z", 
"updatedAt": 
"2026-03-10T05:42:49.143Z"}

    [0m [90m 114 |[39m    
         expect(res[33m.[39
mstatusCode)[33m.[39mtoBe(
[35m200[39m)[33m;[39m
     [90m 115 |[39m        
     expect(res[33m.[39mbod
y)[33m.[39mtoHaveProperty(
[32m'email'[39m)[33m;[39m
    
[31m[1m>[22m[39m[90m 
116 |[39m             expect
(res[33m.[39mbody)[33m.[3
9mtoHaveProperty([32m'id'[3
9m)[33m;[39m
     [90m     |[39m        
                      
[31m[1m^[22m[39m
     [90m 117 |[39m        
 })[33m;[39m
     [90m 118 |[39m
     [90m 119 |[39m        
 it([32m'Regression: 
returns 401 without a 
token'[39m[33m,[39m 
[36masync[39m () 
[33m=>[39m {[0m

      at Object.<anonymous> (
tests/backend-regression/auth
Api.test.js:116:30)

Test Suites: 1 failed, 1 
total
Tests:       1 failed, 10 
passed, 11 total
Snapshots:   0 total
Time:        6.432 s, 
estimated 10 s
Ran all test suites matching 
tests/backend-regression/auth
Api.test.js.
