node.exe : 
2026-03-11T04:14:18.154Z 
LH:ChromeLauncher Waiting 
for browser.
At line:1 char:1
+ & "C:\Program 
Files\nodejs/node.exe" 
"C:\Program 
Files\nodejs/node_mo ...
+ ~~~~~~~~~~~~~~~~~~~~~~~~~~~
~~~~~~~~~~~~~~~~~~~~~~~~~~~~~
~~~~~~~~~~~~~
    + CategoryInfo           
   : NotSpecified: (2026-03  
  -11T04:1...ng for browse   
 r.:String) [], RemoteExc    
eption
    + FullyQualifiedErrorId  
   : NativeCommandError
 
2026-03-11T04:14:18.156Z 
LH:ChromeLauncher Waiting 
for browser...
2026-03-11T04:14:18.679Z 
LH:ChromeLauncher Waiting 
for browser.....
2026-03-11T04:14:18.681Z 
LH:ChromeLauncher Waiting 
for browser.....[32mΓêÜ[0m
2026-03-11T04:14:19.209Z 
LH:status Connecting to 
browser
2026-03-11T04:14:19.216Z 
LH:status Navigating to 
about:blank
2026-03-11T04:14:19.228Z 
LH:status Benchmarking 
machine
2026-03-11T04:14:20.236Z 
LH:status Host device pixel 
ratio
2026-03-11T04:14:20.238Z 
LH:status Preparing target 
for navigation mode
2026-03-11T04:14:20.259Z 
LH:status Cleaning origin 
data
2026-03-11T04:14:20.276Z 
LH:status Cleaning browser 
cache
2026-03-11T04:14:20.299Z 
LH:status Preparing network 
conditions
2026-03-11T04:14:20.350Z 
LH:status Navigating to 
http://127.0.0.1:5173/
2026-03-11T04:14:27.849Z 
LH:Navigation:error Provided 
URL (http://127.0.0.1:5173/) 
did not match initial 
navigation URL (chrome-error:
//chromewebdata/)
2026-03-11T04:14:28.050Z 
LH:NavigationRunner:error 
Chrome prevented page load 
with an interstitial. Make 
sure you are testing the 
correct URL and that the 
server is properly 
responding to all requests. 
http://127.0.0.1:5173/
2026-03-11T04:14:28.065Z 
LH:status Analyzing and 
running audits...
2026-03-11T04:14:28.067Z 
LH:status Auditing: Uses 
HTTPS
2026-03-11T04:14:28.068Z 
LH:is-on-https:warn Caught 
exception: 
CHROME_INTERSTITIAL_ERROR
2026-03-11T04:14:28.071Z 
LH:status Auditing: 
Redirects HTTP traffic to 
HTTPS
2026-03-11T04:14:28.071Z 
LH:redirects-http:warn 
Caught exception: 
CHROME_INTERSTITIAL_ERROR
2026-03-11T04:14:28.072Z 
LH:status Auditing: First 
Contentful Paint
2026-03-11T04:14:28.073Z LH:f
irst-contentful-paint:warn 
Caught exception: 
CHROME_INTERSTITIAL_ERROR
2026-03-11T04:14:28.074Z 
LH:status Auditing: Largest 
Contentful Paint
2026-03-11T04:14:28.074Z LH:l
argest-contentful-paint:warn 
Caught exception: 
CHROME_INTERSTITIAL_ERROR
2026-03-11T04:14:28.075Z 
LH:status Auditing: Speed 
Index
2026-03-11T04:14:28.075Z 
LH:speed-index:warn Caught 
exception: 
CHROME_INTERSTITIAL_ERROR
2026-03-11T04:14:28.076Z 
LH:status Auditing: 
Screenshot Thumbnails
2026-03-11T04:14:28.076Z LH:s
creenshot-thumbnails:warn 
Caught exception: 
CHROME_INTERSTITIAL_ERROR
2026-03-11T04:14:28.076Z 
LH:status Auditing: Final 
Screenshot
2026-03-11T04:14:28.076Z 
LH:final-screenshot:warn 
Caught exception: 
CHROME_INTERSTITIAL_ERROR
2026-03-11T04:14:28.076Z 
LH:status Auditing: Total 
Blocking Time
2026-03-11T04:14:28.077Z 
LH:total-blocking-time:warn 
Caught exception: 
CHROME_INTERSTITIAL_ERROR
2026-03-11T04:14:28.077Z 
LH:status Auditing: Max 
Potential First Input Delay
2026-03-11T04:14:28.078Z 
LH:max-potential-fid:warn 
Caught exception: 
CHROME_INTERSTITIAL_ERROR
2026-03-11T04:14:28.079Z 
LH:status Auditing: 
Cumulative Layout Shift
2026-03-11T04:14:28.079Z LH:c
umulative-layout-shift:warn 
Caught exception: 
CHROME_INTERSTITIAL_ERROR
2026-03-11T04:14:28.080Z 
LH:status Auditing: No 
browser errors logged to the 
console
2026-03-11T04:14:28.080Z 
LH:errors-in-console:warn 
Caught exception: 
CHROME_INTERSTITIAL_ERROR
2026-03-11T04:14:28.081Z 
LH:status Auditing: Initial 
server response time was 
short
2026-03-11T04:14:28.081Z 
LH:server-response-time:warn 
Caught exception: 
CHROME_INTERSTITIAL_ERROR
2026-03-11T04:14:28.082Z 
LH:status Auditing: Time to 
Interactive
2026-03-11T04:14:28.082Z 
LH:interactive:warn Caught 
exception: 
CHROME_INTERSTITIAL_ERROR
2026-03-11T04:14:28.083Z 
LH:status Auditing: User 
Timing marks and measures
2026-03-11T04:14:28.083Z 
LH:user-timings:warn Caught 
exception: 
CHROME_INTERSTITIAL_ERROR
2026-03-11T04:14:28.084Z 
LH:status Auditing: Avoid 
multiple page redirects
2026-03-11T04:14:28.084Z 
LH:redirects:warn Caught 
exception: 
CHROME_INTERSTITIAL_ERROR
2026-03-11T04:14:28.085Z 
LH:status Auditing: Displays 
images with correct aspect 
ratio
2026-03-11T04:14:28.085Z 
LH:image-aspect-ratio:warn 
Caught exception: 
CHROME_INTERSTITIAL_ERROR
2026-03-11T04:14:28.086Z 
LH:status Auditing: Serves 
images with appropriate 
resolution
2026-03-11T04:14:28.086Z LH:i
mage-size-responsive:warn 
Caught exception: 
CHROME_INTERSTITIAL_ERROR
2026-03-11T04:14:28.088Z 
LH:status Auditing: Avoids 
deprecated APIs
2026-03-11T04:14:28.088Z 
LH:deprecations:warn Caught 
exception: 
CHROME_INTERSTITIAL_ERROR
2026-03-11T04:14:28.089Z 
LH:status Auditing: Avoids 
third-party cookies
2026-03-11T04:14:28.089Z 
LH:third-party-cookies:warn 
Caught exception: 
CHROME_INTERSTITIAL_ERROR
2026-03-11T04:14:28.090Z 
LH:status Auditing: 
Minimizes main-thread work
2026-03-11T04:14:28.090Z LH:m
ainthread-work-breakdown:warn
 Caught exception: 
CHROME_INTERSTITIAL_ERROR
2026-03-11T04:14:28.091Z 
LH:status Auditing: 
JavaScript execution time
2026-03-11T04:14:28.091Z 
LH:bootup-time:warn Caught 
exception: 
CHROME_INTERSTITIAL_ERROR
2026-03-11T04:14:28.092Z 
LH:status Auditing: 
Diagnostics
2026-03-11T04:14:28.092Z 
LH:diagnostics:warn Caught 
exception: 
CHROME_INTERSTITIAL_ERROR
2026-03-11T04:14:28.092Z 
LH:status Auditing: Network 
Requests
2026-03-11T04:14:28.092Z 
LH:network-requests:warn 
Caught exception: 
CHROME_INTERSTITIAL_ERROR
2026-03-11T04:14:28.092Z 
LH:status Auditing: Network 
Round Trip Times
2026-03-11T04:14:28.092Z 
LH:network-rtt:warn Caught 
exception: 
CHROME_INTERSTITIAL_ERROR
2026-03-11T04:14:28.093Z 
LH:status Auditing: Server 
Backend Latencies
2026-03-11T04:14:28.093Z LH:n
etwork-server-latency:warn 
Caught exception: 
CHROME_INTERSTITIAL_ERROR
2026-03-11T04:14:28.095Z 
LH:status Auditing: Tasks
2026-03-11T04:14:28.095Z 
LH:main-thread-tasks:warn 
Caught exception: 
CHROME_INTERSTITIAL_ERROR
2026-03-11T04:14:28.095Z 
LH:status Auditing: Metrics
2026-03-11T04:14:28.096Z 
LH:metrics:warn Caught 
exception: 
CHROME_INTERSTITIAL_ERROR
2026-03-11T04:14:28.096Z 
LH:status Auditing: 
Resources Summary
2026-03-11T04:14:28.096Z 
LH:resource-summary:warn 
Caught exception: 
CHROME_INTERSTITIAL_ERROR
2026-03-11T04:14:28.096Z 
LH:status Auditing: Avoid 
large layout shifts
2026-03-11T04:14:28.096Z 
LH:layout-shifts:warn Caught 
exception: 
CHROME_INTERSTITIAL_ERROR
2026-03-11T04:14:28.097Z 
LH:status Auditing: Avoid 
long main-thread tasks
2026-03-11T04:14:28.097Z 
LH:long-tasks:warn Caught 
exception: 
CHROME_INTERSTITIAL_ERROR
2026-03-11T04:14:28.098Z 
LH:status Auditing: Avoid 
non-composited animations
2026-03-11T04:14:28.098Z LH:n
on-composited-animations:warn
 Caught exception: 
CHROME_INTERSTITIAL_ERROR
2026-03-11T04:14:28.099Z 
LH:status Auditing: Image 
elements have explicit 
`width` and `height`
2026-03-11T04:14:28.099Z 
LH:unsized-images:warn 
Caught exception: 
CHROME_INTERSTITIAL_ERROR
2026-03-11T04:14:28.101Z 
LH:status Auditing: Page has 
valid source maps
2026-03-11T04:14:28.101Z 
LH:valid-source-maps:warn 
Caught exception: 
CHROME_INTERSTITIAL_ERROR
2026-03-11T04:14:28.102Z 
LH:status Auditing: Ensure 
CSP is effective against XSS 
attacks
2026-03-11T04:14:28.103Z 
LH:csp-xss:warn Caught 
exception: 
CHROME_INTERSTITIAL_ERROR
2026-03-11T04:14:28.104Z 
LH:status Auditing: Use a 
strong HSTS policy
2026-03-11T04:14:28.104Z 
LH:has-hsts:warn Caught 
exception: 
CHROME_INTERSTITIAL_ERROR
2026-03-11T04:14:28.105Z 
LH:status Auditing: Ensure 
proper origin isolation with 
COOP
2026-03-11T04:14:28.105Z 
LH:origin-isolation:warn 
Caught exception: 
CHROME_INTERSTITIAL_ERROR
2026-03-11T04:14:28.106Z 
LH:status Auditing: Mitigate 
clickjacking with XFO or CSP
2026-03-11T04:14:28.106Z LH:c
lickjacking-mitigation:warn 
Caught exception: 
CHROME_INTERSTITIAL_ERROR
2026-03-11T04:14:28.107Z 
LH:status Auditing: Mitigate 
DOM-based XSS with Trusted 
Types
2026-03-11T04:14:28.107Z 
LH:trusted-types-xss:warn 
Caught exception: 
CHROME_INTERSTITIAL_ERROR
2026-03-11T04:14:28.108Z 
LH:status Auditing: Script 
Treemap Data
2026-03-11T04:14:28.108Z 
LH:script-treemap-data:warn 
Caught exception: 
CHROME_INTERSTITIAL_ERROR
2026-03-11T04:14:28.108Z 
LH:status Auditing: 
`[accesskey]` values are 
unique
2026-03-11T04:14:28.108Z 
LH:accesskeys:warn Caught 
exception: 
CHROME_INTERSTITIAL_ERROR
2026-03-11T04:14:28.109Z 
LH:status Auditing: 
`[aria-*]` attributes match 
their roles
2026-03-11T04:14:28.110Z 
LH:aria-allowed-attr:warn 
Caught exception: 
CHROME_INTERSTITIAL_ERROR
2026-03-11T04:14:28.111Z 
LH:status Auditing: Uses 
ARIA roles only on 
compatible elements
2026-03-11T04:14:28.111Z 
LH:aria-allowed-role:warn 
Caught exception: 
CHROME_INTERSTITIAL_ERROR
2026-03-11T04:14:28.115Z 
LH:status Auditing: 
`button`, `link`, and 
`menuitem` elements have 
accessible names
2026-03-11T04:14:28.115Z 
LH:aria-command-name:warn 
Caught exception: 
CHROME_INTERSTITIAL_ERROR
2026-03-11T04:14:28.116Z 
LH:status Auditing: ARIA 
attributes are used as 
specified for the element's 
role
2026-03-11T04:14:28.116Z LH:a
ria-conditional-attr:warn 
Caught exception: 
CHROME_INTERSTITIAL_ERROR
2026-03-11T04:14:28.117Z 
LH:status Auditing: 
Deprecated ARIA roles were 
not used
2026-03-11T04:14:28.117Z 
LH:aria-deprecated-role:warn 
Caught exception: 
CHROME_INTERSTITIAL_ERROR
2026-03-11T04:14:28.118Z 
LH:status Auditing: Elements 
with `role="dialog"` or 
`role="alertdialog"` have 
accessible names.
2026-03-11T04:14:28.118Z 
LH:aria-dialog-name:warn 
Caught exception: 
CHROME_INTERSTITIAL_ERROR
2026-03-11T04:14:28.118Z 
LH:status Auditing: 
`[aria-hidden="true"]` is 
not present on the document 
`<body>`
2026-03-11T04:14:28.119Z 
LH:aria-hidden-body:warn 
Caught exception: 
CHROME_INTERSTITIAL_ERROR
2026-03-11T04:14:28.120Z 
LH:status Auditing: 
`[aria-hidden="true"]` 
elements do not contain 
focusable descendents
2026-03-11T04:14:28.120Z 
LH:aria-hidden-focus:warn 
Caught exception: 
CHROME_INTERSTITIAL_ERROR
2026-03-11T04:14:28.121Z 
LH:status Auditing: ARIA 
input fields have accessible 
names
2026-03-11T04:14:28.121Z LH:a
ria-input-field-name:warn 
Caught exception: 
CHROME_INTERSTITIAL_ERROR
2026-03-11T04:14:28.122Z 
LH:status Auditing: ARIA 
`meter` elements have 
accessible names
2026-03-11T04:14:28.122Z 
LH:aria-meter-name:warn 
Caught exception: 
CHROME_INTERSTITIAL_ERROR
2026-03-11T04:14:28.123Z 
LH:status Auditing: ARIA 
`progressbar` elements have 
accessible names
2026-03-11T04:14:28.123Z LH:a
ria-progressbar-name:warn 
Caught exception: 
CHROME_INTERSTITIAL_ERROR
2026-03-11T04:14:28.124Z 
LH:status Auditing: Elements 
use only permitted ARIA 
attributes
2026-03-11T04:14:28.124Z 
LH:aria-prohibited-attr:warn 
Caught exception: 
CHROME_INTERSTITIAL_ERROR
2026-03-11T04:14:28.125Z 
LH:status Auditing: 
`[role]`s have all required 
`[aria-*]` attributes
2026-03-11T04:14:28.125Z 
LH:aria-required-attr:warn 
Caught exception: 
CHROME_INTERSTITIAL_ERROR
2026-03-11T04:14:28.126Z 
LH:status Auditing: Elements 
with an ARIA `[role]` that 
require children to contain 
a specific `[role]` have all 
required children.
2026-03-11T04:14:28.126Z LH:a
ria-required-children:warn 
Caught exception: 
CHROME_INTERSTITIAL_ERROR
2026-03-11T04:14:28.127Z 
LH:status Auditing: 
`[role]`s are contained by 
their required parent element
2026-03-11T04:14:28.127Z 
LH:aria-required-parent:warn 
Caught exception: 
CHROME_INTERSTITIAL_ERROR
2026-03-11T04:14:28.129Z 
LH:status Auditing: `[role]` 
values are valid
2026-03-11T04:14:28.129Z 
LH:aria-roles:warn Caught 
exception: 
CHROME_INTERSTITIAL_ERROR
2026-03-11T04:14:28.130Z 
LH:status Auditing: Elements 
with the `role=text` 
attribute do not have 
focusable descendents.
2026-03-11T04:14:28.130Z 
LH:aria-text:warn Caught 
exception: 
CHROME_INTERSTITIAL_ERROR
2026-03-11T04:14:28.131Z 
LH:status Auditing: ARIA 
toggle fields have 
accessible names
2026-03-11T04:14:28.131Z LH:a
ria-toggle-field-name:warn 
Caught exception: 
CHROME_INTERSTITIAL_ERROR
2026-03-11T04:14:28.132Z 
LH:status Auditing: ARIA 
`tooltip` elements have 
accessible names
2026-03-11T04:14:28.132Z 
LH:aria-tooltip-name:warn 
Caught exception: 
CHROME_INTERSTITIAL_ERROR
2026-03-11T04:14:28.133Z 
LH:status Auditing: ARIA 
`treeitem` elements have 
accessible names
2026-03-11T04:14:28.133Z 
LH:aria-treeitem-name:warn 
Caught exception: 
CHROME_INTERSTITIAL_ERROR
2026-03-11T04:14:28.133Z 
LH:status Auditing: 
`[aria-*]` attributes have 
valid values
2026-03-11T04:14:28.133Z LH:a
ria-valid-attr-value:warn 
Caught exception: 
CHROME_INTERSTITIAL_ERROR
2026-03-11T04:14:28.134Z 
LH:status Auditing: 
`[aria-*]` attributes are 
valid and not misspelled
2026-03-11T04:14:28.134Z 
LH:aria-valid-attr:warn 
Caught exception: 
CHROME_INTERSTITIAL_ERROR
2026-03-11T04:14:28.135Z 
LH:status Auditing: Buttons 
have an accessible name
2026-03-11T04:14:28.135Z 
LH:button-name:warn Caught 
exception: 
CHROME_INTERSTITIAL_ERROR
2026-03-11T04:14:28.136Z 
LH:status Auditing: The page 
contains a heading, skip 
link, or landmark region
2026-03-11T04:14:28.136Z 
LH:bypass:warn Caught 
exception: 
CHROME_INTERSTITIAL_ERROR
2026-03-11T04:14:28.137Z 
LH:status Auditing: 
Background and foreground 
colors have a sufficient 
contrast ratio
2026-03-11T04:14:28.137Z 
LH:color-contrast:warn 
Caught exception: 
CHROME_INTERSTITIAL_ERROR
2026-03-11T04:14:28.138Z 
LH:status Auditing: `<dl>`'s 
contain only 
properly-ordered `<dt>` and 
`<dd>` groups, `<script>`, 
`<template>` or `<div>` 
elements.
2026-03-11T04:14:28.138Z 
LH:definition-list:warn 
Caught exception: 
CHROME_INTERSTITIAL_ERROR
2026-03-11T04:14:28.139Z 
LH:status Auditing: 
Definition list items are 
wrapped in `<dl>` elements
2026-03-11T04:14:28.139Z 
LH:dlitem:warn Caught 
exception: 
CHROME_INTERSTITIAL_ERROR
2026-03-11T04:14:28.139Z 
LH:status Auditing: Document 
has a `<title>` element
2026-03-11T04:14:28.139Z 
LH:document-title:warn 
Caught exception: 
CHROME_INTERSTITIAL_ERROR
2026-03-11T04:14:28.140Z 
LH:status Auditing: ARIA IDs 
are unique
2026-03-11T04:14:28.140Z 
LH:duplicate-id-aria:warn 
Caught exception: 
CHROME_INTERSTITIAL_ERROR
2026-03-11T04:14:28.141Z 
LH:status Auditing: All 
heading elements contain 
content.
2026-03-11T04:14:28.141Z 
LH:empty-heading:warn Caught 
exception: 
CHROME_INTERSTITIAL_ERROR
2026-03-11T04:14:28.141Z 
LH:status Auditing: No form 
fields have multiple labels
2026-03-11T04:14:28.141Z LH:f
orm-field-multiple-labels:war
n Caught exception: 
CHROME_INTERSTITIAL_ERROR
2026-03-11T04:14:28.142Z 
LH:status Auditing: 
`<frame>` or `<iframe>` 
elements have a title
2026-03-11T04:14:28.142Z 
LH:frame-title:warn Caught 
exception: 
CHROME_INTERSTITIAL_ERROR
2026-03-11T04:14:28.142Z 
LH:status Auditing: Heading 
elements appear in a 
sequentially-descending order
2026-03-11T04:14:28.142Z 
LH:heading-order:warn Caught 
exception: 
CHROME_INTERSTITIAL_ERROR
2026-03-11T04:14:28.143Z 
LH:status Auditing: `<html>` 
element has a `[lang]` 
attribute
2026-03-11T04:14:28.143Z 
LH:html-has-lang:warn Caught 
exception: 
CHROME_INTERSTITIAL_ERROR
2026-03-11T04:14:28.144Z 
LH:status Auditing: `<html>` 
element has a valid value 
for its `[lang]` attribute
2026-03-11T04:14:28.144Z 
LH:html-lang-valid:warn 
Caught exception: 
CHROME_INTERSTITIAL_ERROR
2026-03-11T04:14:28.144Z 
LH:status Auditing: `<html>` 
element has an `[xml:lang]` 
attribute with the same base 
language as the `[lang]` 
attribute.
2026-03-11T04:14:28.144Z LH:h
tml-xml-lang-mismatch:warn 
Caught exception: 
CHROME_INTERSTITIAL_ERROR
2026-03-11T04:14:28.145Z 
LH:status Auditing: 
Identical links have the 
same purpose.
2026-03-11T04:14:28.145Z LH:i
dentical-links-same-purpose:w
arn Caught exception: 
CHROME_INTERSTITIAL_ERROR
2026-03-11T04:14:28.145Z 
LH:status Auditing: Image 
elements have `[alt]` 
attributes
2026-03-11T04:14:28.146Z 
LH:image-alt:warn Caught 
exception: 
CHROME_INTERSTITIAL_ERROR
2026-03-11T04:14:28.146Z 
LH:status Auditing: Image 
elements do not have `[alt]` 
attributes that are 
redundant text.
2026-03-11T04:14:28.146Z 
LH:image-redundant-alt:warn 
Caught exception: 
CHROME_INTERSTITIAL_ERROR
2026-03-11T04:14:28.151Z 
LH:status Auditing: Input 
buttons have discernible 
text.
2026-03-11T04:14:28.151Z 
LH:input-button-name:warn 
Caught exception: 
CHROME_INTERSTITIAL_ERROR
2026-03-11T04:14:28.151Z 
LH:status Auditing: `<input 
type="image">` elements have 
`[alt]` text
2026-03-11T04:14:28.151Z 
LH:input-image-alt:warn 
Caught exception: 
CHROME_INTERSTITIAL_ERROR
2026-03-11T04:14:28.152Z 
LH:status Auditing: Elements 
with visible text labels 
have matching accessible 
names.
2026-03-11T04:14:28.152Z LH:l
abel-content-name-mismatch:wa
rn Caught exception: 
CHROME_INTERSTITIAL_ERROR
2026-03-11T04:14:28.153Z 
LH:status Auditing: Form 
elements have associated 
labels
2026-03-11T04:14:28.153Z 
LH:label:warn Caught 
exception: 
CHROME_INTERSTITIAL_ERROR
2026-03-11T04:14:28.154Z 
LH:status Auditing: Document 
has a main landmark.
2026-03-11T04:14:28.154Z 
LH:landmark-one-main:warn 
Caught exception: 
CHROME_INTERSTITIAL_ERROR
2026-03-11T04:14:28.154Z 
LH:status Auditing: Links 
have a discernible name
2026-03-11T04:14:28.154Z 
LH:link-name:warn Caught 
exception: 
CHROME_INTERSTITIAL_ERROR
2026-03-11T04:14:28.155Z 
LH:status Auditing: Links 
are distinguishable without 
relying on color.
2026-03-11T04:14:28.155Z 
LH:link-in-text-block:warn 
Caught exception: 
CHROME_INTERSTITIAL_ERROR
2026-03-11T04:14:28.156Z 
LH:status Auditing: Lists 
contain only `<li>` elements 
and script supporting 
elements (`<script>` and 
`<template>`).
2026-03-11T04:14:28.156Z 
LH:list:warn Caught 
exception: 
CHROME_INTERSTITIAL_ERROR
2026-03-11T04:14:28.156Z 
LH:status Auditing: List 
items (`<li>`) are contained 
within `<ul>`, `<ol>` or 
`<menu>` parent elements
2026-03-11T04:14:28.156Z 
LH:listitem:warn Caught 
exception: 
CHROME_INTERSTITIAL_ERROR
2026-03-11T04:14:28.157Z 
LH:status Auditing: The 
document does not use `<meta 
http-equiv="refresh">`
2026-03-11T04:14:28.157Z 
LH:meta-refresh:warn Caught 
exception: 
CHROME_INTERSTITIAL_ERROR
2026-03-11T04:14:28.158Z 
LH:status Auditing: 
`[user-scalable="no"]` is 
not used in the `<meta 
name="viewport">` element 
and the `[maximum-scale]` 
attribute is not less than 5.
2026-03-11T04:14:28.158Z 
LH:meta-viewport:warn Caught 
exception: 
CHROME_INTERSTITIAL_ERROR
2026-03-11T04:14:28.158Z 
LH:status Auditing: 
`<object>` elements have 
alternate text
2026-03-11T04:14:28.158Z 
LH:object-alt:warn Caught 
exception: 
CHROME_INTERSTITIAL_ERROR
2026-03-11T04:14:28.159Z 
LH:status Auditing: Select 
elements have associated 
label elements.
2026-03-11T04:14:28.159Z 
LH:select-name:warn Caught 
exception: 
CHROME_INTERSTITIAL_ERROR
2026-03-11T04:14:28.160Z 
LH:status Auditing: Skip 
links are focusable.
2026-03-11T04:14:28.160Z 
LH:skip-link:warn Caught 
exception: 
CHROME_INTERSTITIAL_ERROR
2026-03-11T04:14:28.161Z 
LH:status Auditing: No 
element has a `[tabindex]` 
value greater than 0
2026-03-11T04:14:28.161Z 
LH:tabindex:warn Caught 
exception: 
CHROME_INTERSTITIAL_ERROR
2026-03-11T04:14:28.161Z 
LH:status Auditing: Tables 
have different content in 
the summary attribute and 
`<caption>`.
2026-03-11T04:14:28.162Z 
LH:table-duplicate-name:warn 
Caught exception: 
CHROME_INTERSTITIAL_ERROR
2026-03-11T04:14:28.162Z 
LH:status Auditing: Tables 
use `<caption>` instead of 
cells with the `[colspan]` 
attribute to indicate a 
caption.
2026-03-11T04:14:28.162Z 
LH:table-fake-caption:warn 
Caught exception: 
CHROME_INTERSTITIAL_ERROR
2026-03-11T04:14:28.163Z 
LH:status Auditing: Touch 
targets have sufficient size 
and spacing.
2026-03-11T04:14:28.163Z 
LH:target-size:warn Caught 
exception: 
CHROME_INTERSTITIAL_ERROR
2026-03-11T04:14:28.163Z 
LH:status Auditing: `<td>` 
elements in a large 
`<table>` have one or more 
table headers.
2026-03-11T04:14:28.164Z 
LH:td-has-header:warn Caught 
exception: 
CHROME_INTERSTITIAL_ERROR
2026-03-11T04:14:28.164Z 
LH:status Auditing: Cells in 
a `<table>` element that use 
the `[headers]` attribute 
refer to table cells within 
the same table.
2026-03-11T04:14:28.164Z 
LH:td-headers-attr:warn 
Caught exception: 
CHROME_INTERSTITIAL_ERROR
2026-03-11T04:14:28.165Z 
LH:status Auditing: `<th>` 
elements and elements with `[
role="columnheader"/"rowheade
r"]` have data cells they 
describe.
2026-03-11T04:14:28.165Z 
LH:th-has-data-cells:warn 
Caught exception: 
CHROME_INTERSTITIAL_ERROR
2026-03-11T04:14:28.165Z 
LH:status Auditing: `[lang]` 
attributes have a valid value
2026-03-11T04:14:28.165Z 
LH:valid-lang:warn Caught 
exception: 
CHROME_INTERSTITIAL_ERROR
2026-03-11T04:14:28.166Z 
LH:status Auditing: 
`<video>` elements contain a 
`<track>` element with 
`[kind="captions"]`
2026-03-11T04:14:28.166Z 
LH:video-caption:warn Caught 
exception: 
CHROME_INTERSTITIAL_ERROR
2026-03-11T04:14:28.166Z 
LH:status Auditing: Custom 
controls have associated 
labels
2026-03-11T04:14:28.166Z LH:c
ustom-controls-labels:warn 
Caught exception: 
CHROME_INTERSTITIAL_ERROR
2026-03-11T04:14:28.166Z 
LH:status Auditing: Custom 
controls have ARIA roles
2026-03-11T04:14:28.166Z LH:c
ustom-controls-roles:warn 
Caught exception: 
CHROME_INTERSTITIAL_ERROR
2026-03-11T04:14:28.166Z 
LH:status Auditing: User 
focus is not accidentally 
trapped in a region
2026-03-11T04:14:28.166Z 
LH:focus-traps:warn Caught 
exception: 
CHROME_INTERSTITIAL_ERROR
2026-03-11T04:14:28.172Z 
LH:status Auditing: 
Interactive controls are 
keyboard focusable
2026-03-11T04:14:28.172Z 
LH:focusable-controls:warn 
Caught exception: 
CHROME_INTERSTITIAL_ERROR
2026-03-11T04:14:28.172Z 
LH:status Auditing: 
Interactive elements 
indicate their purpose and 
state
2026-03-11T04:14:28.172Z LH:i
nteractive-element-affordance
:warn Caught exception: 
CHROME_INTERSTITIAL_ERROR
2026-03-11T04:14:28.172Z 
LH:status Auditing: The page 
has a logical tab order
2026-03-11T04:14:28.172Z 
LH:logical-tab-order:warn 
Caught exception: 
CHROME_INTERSTITIAL_ERROR
2026-03-11T04:14:28.172Z 
LH:status Auditing: The 
user's focus is directed to 
new content added to the page
2026-03-11T04:14:28.172Z 
LH:managed-focus:warn Caught 
exception: 
CHROME_INTERSTITIAL_ERROR
2026-03-11T04:14:28.172Z 
LH:status Auditing: 
Offscreen content is hidden 
from assistive technology
2026-03-11T04:14:28.172Z LH:o
ffscreen-content-hidden:warn 
Caught exception: 
CHROME_INTERSTITIAL_ERROR
2026-03-11T04:14:28.172Z 
LH:status Auditing: HTML5 
landmark elements are used 
to improve navigation
2026-03-11T04:14:28.172Z 
LH:use-landmarks:warn Caught 
exception: 
CHROME_INTERSTITIAL_ERROR
2026-03-11T04:14:28.172Z 
LH:status Auditing: Visual 
order on the page follows 
DOM order
2026-03-11T04:14:28.172Z LH:v
isual-order-follows-dom:warn 
Caught exception: 
CHROME_INTERSTITIAL_ERROR
2026-03-11T04:14:28.173Z 
LH:status Auditing: Avoids 
enormous network payloads
2026-03-11T04:14:28.173Z 
LH:total-byte-weight:warn 
Caught exception: 
CHROME_INTERSTITIAL_ERROR
2026-03-11T04:14:28.173Z 
LH:status Auditing: Minify 
CSS
2026-03-11T04:14:28.173Z 
LH:unminified-css:warn 
Caught exception: 
CHROME_INTERSTITIAL_ERROR
2026-03-11T04:14:28.174Z 
LH:status Auditing: Minify 
JavaScript
2026-03-11T04:14:28.174Z LH:u
nminified-javascript:warn 
Caught exception: 
CHROME_INTERSTITIAL_ERROR
2026-03-11T04:14:28.174Z 
LH:status Auditing: Reduce 
unused CSS
2026-03-11T04:14:28.174Z 
LH:unused-css-rules:warn 
Caught exception: 
CHROME_INTERSTITIAL_ERROR
2026-03-11T04:14:28.174Z 
LH:status Auditing: Reduce 
unused JavaScript
2026-03-11T04:14:28.174Z 
LH:unused-javascript:warn 
Caught exception: 
CHROME_INTERSTITIAL_ERROR
2026-03-11T04:14:28.175Z 
LH:status Auditing: Page has 
the HTML doctype
2026-03-11T04:14:28.175Z 
LH:doctype:warn Caught 
exception: 
CHROME_INTERSTITIAL_ERROR
2026-03-11T04:14:28.175Z 
LH:status Auditing: Properly 
defines charset
2026-03-11T04:14:28.175Z 
LH:charset:warn Caught 
exception: 
CHROME_INTERSTITIAL_ERROR
2026-03-11T04:14:28.176Z 
LH:status Auditing: Avoids 
requesting the geolocation 
permission on page load
2026-03-11T04:14:28.176Z 
LH:geolocation-on-start:warn 
Caught exception: 
CHROME_INTERSTITIAL_ERROR
2026-03-11T04:14:28.176Z 
LH:status Auditing: No 
issues in the `Issues` panel 
in Chrome Devtools
2026-03-11T04:14:28.176Z 
LH:inspector-issues:warn 
Caught exception: 
CHROME_INTERSTITIAL_ERROR
2026-03-11T04:14:28.177Z 
LH:status Auditing: Detected 
JavaScript libraries
2026-03-11T04:14:28.177Z 
LH:js-libraries:warn Caught 
exception: 
CHROME_INTERSTITIAL_ERROR
2026-03-11T04:14:28.177Z 
LH:status Auditing: Avoids 
requesting the notification 
permission on page load
2026-03-11T04:14:28.177Z LH:n
otification-on-start:warn 
Caught exception: 
CHROME_INTERSTITIAL_ERROR
2026-03-11T04:14:28.177Z 
LH:status Auditing: Allows 
users to paste into input 
fields
2026-03-11T04:14:28.177Z LH:p
aste-preventing-inputs:warn 
Caught exception: 
CHROME_INTERSTITIAL_ERROR
2026-03-11T04:14:28.178Z 
LH:status Auditing: Document 
has a meta description
2026-03-11T04:14:28.178Z 
LH:meta-description:warn 
Caught exception: 
CHROME_INTERSTITIAL_ERROR
2026-03-11T04:14:28.178Z 
LH:status Auditing: Page has 
successful HTTP status code
2026-03-11T04:14:28.178Z 
LH:http-status-code:warn 
Caught exception: 
CHROME_INTERSTITIAL_ERROR
2026-03-11T04:14:28.179Z 
LH:status Auditing: Links 
have descriptive text
2026-03-11T04:14:28.179Z 
LH:link-text:warn Caught 
exception: 
CHROME_INTERSTITIAL_ERROR
2026-03-11T04:14:28.179Z 
LH:status Auditing: Links 
are crawlable
2026-03-11T04:14:28.179Z 
LH:crawlable-anchors:warn 
Caught exception: 
CHROME_INTERSTITIAL_ERROR
2026-03-11T04:14:28.180Z 
LH:status Auditing: Page 
isnΓÇÖt blocked from indexing
2026-03-11T04:14:28.180Z 
LH:is-crawlable:warn Caught 
exception: 
CHROME_INTERSTITIAL_ERROR
2026-03-11T04:14:28.180Z 
LH:status Auditing: 
robots.txt is valid
2026-03-11T04:14:28.180Z 
LH:robots-txt:warn Caught 
exception: 
CHROME_INTERSTITIAL_ERROR
2026-03-11T04:14:28.181Z 
LH:status Auditing: Document 
has a valid `hreflang`
2026-03-11T04:14:28.181Z 
LH:hreflang:warn Caught 
exception: 
CHROME_INTERSTITIAL_ERROR
2026-03-11T04:14:28.181Z 
LH:status Auditing: Document 
has a valid `rel=canonical`
2026-03-11T04:14:28.181Z 
LH:canonical:warn Caught 
exception: 
CHROME_INTERSTITIAL_ERROR
2026-03-11T04:14:28.182Z 
LH:status Auditing: 
Structured data is valid
2026-03-11T04:14:28.182Z 
LH:structured-data:warn 
Caught exception: 
CHROME_INTERSTITIAL_ERROR
2026-03-11T04:14:28.182Z 
LH:status Auditing: Page 
didn't prevent back/forward 
cache restoration
2026-03-11T04:14:28.182Z 
LH:bf-cache:warn Caught 
exception: 
CHROME_INTERSTITIAL_ERROR
2026-03-11T04:14:28.183Z 
LH:status Auditing: Use 
efficient cache lifetimes
2026-03-11T04:14:28.183Z 
LH:cache-insight:warn Caught 
exception: 
CHROME_INTERSTITIAL_ERROR
2026-03-11T04:14:28.183Z 
LH:status Auditing: Layout 
shift culprits
2026-03-11T04:14:28.183Z 
LH:cls-culprits-insight:warn 
Caught exception: 
CHROME_INTERSTITIAL_ERROR
2026-03-11T04:14:28.184Z 
LH:status Auditing: Document 
request latency
2026-03-11T04:14:28.184Z LH:d
ocument-latency-insight:warn 
Caught exception: 
CHROME_INTERSTITIAL_ERROR
2026-03-11T04:14:28.184Z 
LH:status Auditing: Optimize 
DOM size
2026-03-11T04:14:28.184Z 
LH:dom-size-insight:warn 
Caught exception: 
CHROME_INTERSTITIAL_ERROR
2026-03-11T04:14:28.185Z 
LH:status Auditing: 
Duplicated JavaScript
2026-03-11T04:14:28.185Z LH:d
uplicated-javascript-insight:
warn Caught exception: 
CHROME_INTERSTITIAL_ERROR
2026-03-11T04:14:28.186Z 
LH:status Auditing: Font 
display
2026-03-11T04:14:28.186Z 
LH:font-display-insight:warn 
Caught exception: 
CHROME_INTERSTITIAL_ERROR
2026-03-11T04:14:28.186Z 
LH:status Auditing: Forced 
reflow
2026-03-11T04:14:28.186Z LH:f
orced-reflow-insight:warn 
Caught exception: 
CHROME_INTERSTITIAL_ERROR
2026-03-11T04:14:28.187Z 
LH:status Auditing: Improve 
image delivery
2026-03-11T04:14:28.187Z LH:i
mage-delivery-insight:warn 
Caught exception: 
CHROME_INTERSTITIAL_ERROR
2026-03-11T04:14:28.187Z 
LH:status Auditing: INP 
breakdown
2026-03-11T04:14:28.187Z LH:i
np-breakdown-insight:warn 
Caught exception: 
CHROME_INTERSTITIAL_ERROR
2026-03-11T04:14:28.188Z 
LH:status Auditing: LCP 
breakdown
2026-03-11T04:14:28.188Z LH:l
cp-breakdown-insight:warn 
Caught exception: 
CHROME_INTERSTITIAL_ERROR
2026-03-11T04:14:28.188Z 
LH:status Auditing: LCP 
request discovery
2026-03-11T04:14:28.188Z LH:l
cp-discovery-insight:warn 
Caught exception: 
CHROME_INTERSTITIAL_ERROR
2026-03-11T04:14:28.189Z 
LH:status Auditing: Legacy 
JavaScript
2026-03-11T04:14:28.189Z LH:l
egacy-javascript-insight:warn
 Caught exception: 
CHROME_INTERSTITIAL_ERROR
2026-03-11T04:14:28.189Z 
LH:status Auditing: Modern 
HTTP
2026-03-11T04:14:28.189Z 
LH:modern-http-insight:warn 
Caught exception: 
CHROME_INTERSTITIAL_ERROR
2026-03-11T04:14:28.190Z 
LH:status Auditing: Network 
dependency tree
2026-03-11T04:14:28.190Z LH:n
etwork-dependency-tree-insigh
t:warn Caught exception: 
CHROME_INTERSTITIAL_ERROR
2026-03-11T04:14:28.190Z 
LH:status Auditing: Render 
blocking requests
2026-03-11T04:14:28.190Z LH:r
ender-blocking-insight:warn 
Caught exception: 
CHROME_INTERSTITIAL_ERROR
2026-03-11T04:14:28.191Z 
LH:status Auditing: 3rd 
parties
2026-03-11T04:14:28.191Z LH:t
hird-parties-insight:warn 
Caught exception: 
CHROME_INTERSTITIAL_ERROR
2026-03-11T04:14:28.191Z 
LH:status Auditing: Optimize 
viewport for mobile
2026-03-11T04:14:28.192Z 
LH:viewport-insight:warn 
Caught exception: 
CHROME_INTERSTITIAL_ERROR
2026-03-11T04:14:28.192Z 
LH:status Generating 
results...
2026-03-11T04:14:28.215Z 
LH:Printer html output 
written to ./reports/frontend
-performance.html
2026-03-11T04:14:28.215Z 
LH:CLI Protip: Run 
lighthouse with `--view` to 
immediately open the HTML 
report in your browser
2026-03-11T04:14:28.216Z 
LH:ChromeLauncher Killing 
Chrome instance 6432
2026-03-11T04:14:28.664Z 
LH:ChromeLauncher Killing 
Chrome instance 6432
2026-03-11T04:14:29.050Z 
LH:ChromeLauncher:error 
taskkill stderr ERROR: The 
process "6432" not found.

Runtime error encountered: 
EPERM, Permission denied: \\?
\C:\Users\gjyos\AppData\Local
\Temp\lighthouse.76994659 '\\
?\C:\Users\gjyos\AppData\Loca
l\Temp\lighthouse.76994659'
Error: EPERM, Permission 
denied: \\?\C:\Users\gjyos\Ap
pData\Local\Temp\lighthouse.7
6994659 '\\?\C:\Users\gjyos\A
ppData\Local\Temp\lighthouse.
76994659'
    at rmSync 
(node:fs:1235:18)
    at Launcher.destroyTmp (f
ile:///C:/Users/gjyos/OneDriv
e/Desktop/SE_Project/novasket
ch-testing/node_modules/chrom
e-launcher/dist/chrome-launch
er.js:367:9)
    at Launcher.kill (file://
/C:/Users/gjyos/OneDrive/Desk
top/SE_Project/novasketch-tes
ting/node_modules/chrome-laun
cher/dist/chrome-launcher.js:
349:14)
    at Object.kill (file:///C
:/Users/gjyos/OneDrive/Deskto
p/SE_Project/novasketch-testi
ng/node_modules/chrome-launch
er/dist/chrome-launcher.js:39
:18)
    at runLighthouse (file://
/C:/Users/gjyos/OneDrive/Desk
top/SE_Project/novasketch-tes
ting/node_modules/lighthouse/
cli/run.js:217:21)
    at async file:///C:/Users
/gjyos/OneDrive/Desktop/SE_Pr
oject/novasketch-testing/node
_modules/lighthouse/cli/index
.js:10:1
