≡ƒÜÇ Starting Frontend Performance Testing...

ΓÅ│ Running Lighthouse on Frontend [landing-page]: http://localhost:4173/
node : 
2026-03-11T05:06:01.070Z 
LH:status Connecting to 
browser
At line:1 char:1
+ node tests/performance/fron
tendLighthouse.js 2>&1 | 
Out-File -Encodin ...
+ ~~~~~~~~~~~~~~~~~~~~~~~~~~~
~~~~~~~~~~~~~~~~~~~~~~
    + CategoryInfo           
   : NotSpecified: (2026-03  
  -11T05:0...ting to brows   
 er:String) [], RemoteExc    
eption
    + FullyQualifiedErrorId  
   : NativeCommandError
 
2026-03-11T05:06:01.079Z 
LH:status Navigating to 
about:blank
2026-03-11T05:06:01.086Z 
LH:status Benchmarking 
machine
2026-03-11T05:06:02.093Z 
LH:status Host device pixel 
ratio
2026-03-11T05:06:02.095Z 
LH:status Preparing target 
for navigation mode
2026-03-11T05:06:02.110Z 
LH:status Cleaning origin 
data
2026-03-11T05:06:02.128Z 
LH:status Cleaning browser 
cache
2026-03-11T05:06:02.149Z 
LH:status Preparing network 
conditions
2026-03-11T05:06:02.211Z 
LH:status Navigating to 
http://localhost:4173/
2026-03-11T05:06:05.815Z 
LH:status Getting artifact: 
DevtoolsLog
2026-03-11T05:06:05.815Z 
LH:status Getting artifact: 
Trace
2026-03-11T05:06:05.815Z 
LH:status Getting artifact: 
Accessibility
2026-03-11T05:06:06.094Z 
LH:status Getting artifact: 
AnchorElements
2026-03-11T05:06:06.111Z 
LH:status Getting artifact: 
ConsoleMessages
2026-03-11T05:06:06.111Z 
LH:status Getting artifact: 
CSSUsage
2026-03-11T05:06:06.599Z 
LH:status Getting artifact: 
Doctype
2026-03-11T05:06:06.601Z 
LH:status Getting artifact: 
Inputs
2026-03-11T05:06:06.605Z 
LH:status Getting artifact: 
ImageElements
2026-03-11T05:06:06.618Z 
LH:status Getting artifact: 
InspectorIssues
2026-03-11T05:06:06.618Z 
LH:status Getting artifact: 
JsUsage
2026-03-11T05:06:06.618Z 
LH:status Getting artifact: 
LinkElements
2026-03-11T05:06:06.623Z 
LH:status Getting artifact: 
MainDocumentContent
2026-03-11T05:06:06.625Z 
LH:status Getting artifact: 
MetaElements
2026-03-11T05:06:06.629Z 
LH:status Getting artifact: 
NetworkUserAgent
2026-03-11T05:06:06.629Z 
LH:status Getting artifact: 
RobotsTxt
2026-03-11T05:06:06.641Z 
LH:status Getting artifact: 
Scripts
2026-03-11T05:06:06.642Z 
LH:status Getting artifact: 
SourceMaps
2026-03-11T05:06:06.642Z 
LH:status Getting artifact: 
Stacks
2026-03-11T05:06:06.642Z 
LH:status Collect stacks
2026-03-11T05:06:06.656Z 
LH:status Getting artifact: 
Stylesheets
2026-03-11T05:06:06.674Z 
LH:status Getting artifact: 
TraceElements
2026-03-11T05:06:06.731Z 
LH:status Trace Engine total
2026-03-11T05:06:06.731Z 
LH:status Trace Engine parse
2026-03-11T05:06:06.733Z 
LH:status Trace Engine 
parse:handleEvent
2026-03-11T05:06:06.945Z 
LH:status Trace Engine 
parse:Meta:finalize
2026-03-11T05:06:06.961Z 
LH:status Trace Engine parse:
AnimationFrames:finalize
2026-03-11T05:06:06.963Z 
LH:status Trace Engine 
parse:Animations:finalize
2026-03-11T05:06:06.965Z 
LH:status Trace Engine 
parse:Samples:finalize
2026-03-11T05:06:06.966Z 
LH:status Trace Engine parse:
AuctionWorklets:finalize
2026-03-11T05:06:06.967Z 
LH:status Trace Engine parse:
NetworkRequests:finalize
2026-03-11T05:06:06.973Z 
LH:status Trace Engine 
parse:Renderer:finalize
2026-03-11T05:06:07.009Z 
LH:status Trace Engine 
parse:Flows:finalize
2026-03-11T05:06:07.032Z 
LH:status Trace Engine 
parse:AsyncJSCalls:finalize
2026-03-11T05:06:07.047Z 
LH:status Trace Engine 
parse:DOMStats:finalize
2026-03-11T05:06:07.062Z 
LH:status Trace Engine 
parse:UserTimings:finalize
2026-03-11T05:06:07.077Z 
LH:status Trace Engine parse:
ExtensionTraceData:finalize
2026-03-11T05:06:07.093Z 
LH:status Trace Engine 
parse:LayerTree:finalize
2026-03-11T05:06:07.109Z 
LH:status Trace Engine 
parse:Frames:finalize
2026-03-11T05:06:07.131Z 
LH:status Trace Engine 
parse:GPU:finalize
2026-03-11T05:06:07.139Z 
LH:status Trace Engine 
parse:ImagePainting:finalize
2026-03-11T05:06:07.154Z 
LH:status Trace Engine 
parse:Initiators:finalize
2026-03-11T05:06:07.170Z 
LH:status Trace Engine 
parse:Invalidations:finalize
2026-03-11T05:06:07.185Z 
LH:status Trace Engine parse:
PageLoadMetrics:finalize
2026-03-11T05:06:07.188Z 
LH:status Trace Engine parse:
LargestImagePaint:finalize
2026-03-11T05:06:07.201Z 
LH:status Trace Engine parse:
LargestTextPaint:finalize
2026-03-11T05:06:07.216Z 
LH:status Trace Engine 
parse:Screenshots:finalize
2026-03-11T05:06:07.241Z 
LH:status Trace Engine 
parse:LayoutShifts:finalize
2026-03-11T05:06:07.248Z 
LH:status Trace Engine 
parse:Memory:finalize
2026-03-11T05:06:07.262Z 
LH:status Trace Engine 
parse:PageFrames:finalize
2026-03-11T05:06:07.262Z 
LH:status Trace Engine 
parse:Scripts:finalize
2026-03-11T05:06:07.278Z 
LH:status Trace Engine 
parse:SelectorStats:finalize
2026-03-11T05:06:07.293Z 
LH:status Trace Engine parse:
UserInteractions:finalize
2026-03-11T05:06:07.309Z 
LH:status Trace Engine 
parse:Workers:finalize
2026-03-11T05:06:07.324Z 
LH:status Trace Engine 
parse:Warnings:finalize
2026-03-11T05:06:07.339Z 
LH:status Trace Engine 
parse:handler.data()
2026-03-11T05:06:07.340Z 
LH:status Trace Engine 
insights
2026-03-11T05:06:07.341Z 
LH:status Trace Engine 
insights:CLSCulprits
2026-03-11T05:06:07.342Z 
LH:status Trace Engine 
insights:Cache
2026-03-11T05:06:07.342Z 
LH:status Trace Engine 
insights:DOMSize
2026-03-11T05:06:07.343Z 
LH:status Trace Engine 
insights:DocumentLatency
2026-03-11T05:06:07.343Z 
LH:status Trace Engine 
insights:DuplicatedJavaScript
2026-03-11T05:06:07.344Z 
LH:status Trace Engine 
insights:FontDisplay
2026-03-11T05:06:07.344Z 
LH:status Trace Engine 
insights:ForcedReflow
2026-03-11T05:06:07.344Z 
LH:status Trace Engine 
insights:INPBreakdown
2026-03-11T05:06:07.344Z 
LH:status Trace Engine 
insights:ImageDelivery
2026-03-11T05:06:07.345Z 
LH:status Trace Engine 
insights:LCPBreakdown
2026-03-11T05:06:07.345Z 
LH:status Trace Engine 
insights:LCPDiscovery
2026-03-11T05:06:07.345Z 
LH:status Trace Engine 
insights:LegacyJavaScript
2026-03-11T05:06:07.346Z 
LH:status Trace Engine 
insights:ModernHTTP
2026-03-11T05:06:07.346Z 
LH:status Trace Engine insigh
ts:NetworkDependencyTree
2026-03-11T05:06:07.346Z 
LH:status Trace Engine 
insights:RenderBlocking
2026-03-11T05:06:07.346Z 
LH:status Trace Engine 
insights:SlowCSSSelector
2026-03-11T05:06:07.347Z 
LH:status Trace Engine 
insights:ThirdParties
2026-03-11T05:06:07.349Z 
LH:status Trace Engine 
insights:Viewport
2026-03-11T05:06:07.349Z 
LH:status Trace Engine 
insights:createLanternContext
2026-03-11T05:06:07.378Z 
LH:status Trace Engine 
insights:CLSCulprits
2026-03-11T05:06:07.379Z 
LH:status Trace Engine 
insights:Cache
2026-03-11T05:06:07.379Z 
LH:status Trace Engine 
insights:DOMSize
2026-03-11T05:06:07.379Z 
LH:status Trace Engine 
insights:DocumentLatency
2026-03-11T05:06:07.380Z 
LH:status Trace Engine 
insights:DuplicatedJavaScript
2026-03-11T05:06:07.380Z 
LH:status Trace Engine 
insights:FontDisplay
2026-03-11T05:06:07.380Z 
LH:status Trace Engine 
insights:ForcedReflow
2026-03-11T05:06:07.382Z 
LH:status Trace Engine 
insights:INPBreakdown
2026-03-11T05:06:07.382Z 
LH:status Trace Engine 
insights:ImageDelivery
2026-03-11T05:06:07.383Z 
LH:status Trace Engine 
insights:LCPBreakdown
2026-03-11T05:06:07.383Z 
LH:status Trace Engine 
insights:LCPDiscovery
2026-03-11T05:06:07.383Z 
LH:status Trace Engine 
insights:LegacyJavaScript
2026-03-11T05:06:07.531Z 
LH:status Trace Engine 
insights:ModernHTTP
2026-03-11T05:06:07.533Z 
LH:status Trace Engine insigh
ts:NetworkDependencyTree
2026-03-11T05:06:07.534Z 
LH:status Trace Engine 
insights:RenderBlocking
2026-03-11T05:06:07.535Z 
LH:status Trace Engine 
insights:SlowCSSSelector
2026-03-11T05:06:07.535Z 
LH:status Trace Engine 
insights:ThirdParties
2026-03-11T05:06:07.545Z 
LH:status Trace Engine 
insights:Viewport
2026-03-11T05:06:07.678Z 
LH:status Getting artifact: 
ViewportDimensions
2026-03-11T05:06:07.679Z 
LH:status Getting artifact: 
FullPageScreenshot
2026-03-11T05:06:09.023Z 
LH:status Getting artifact: 
BFCacheFailures
2026-03-11T05:06:09.371Z 
LH:status Analyzing and 
running audits...
2026-03-11T05:06:09.373Z 
LH:status Auditing: Uses 
HTTPS
2026-03-11T05:06:09.376Z 
LH:status Auditing: 
Redirects HTTP traffic to 
HTTPS
2026-03-11T05:06:09.377Z 
LH:status Auditing: First 
Contentful Paint
2026-03-11T05:06:09.394Z 
LH:status Auditing: Largest 
Contentful Paint
2026-03-11T05:06:09.398Z 
LH:status Auditing: Speed 
Index
2026-03-11T05:06:09.673Z 
LH:status Auditing: 
Screenshot Thumbnails
2026-03-11T05:06:09.673Z 
LH:status Auditing: Final 
Screenshot
2026-03-11T05:06:09.676Z 
LH:status Auditing: Total 
Blocking Time
2026-03-11T05:06:09.680Z 
LH:status Auditing: Max 
Potential First Input Delay
2026-03-11T05:06:09.685Z 
LH:status Auditing: 
Cumulative Layout Shift
2026-03-11T05:06:09.687Z 
LH:status Auditing: No 
browser errors logged to the 
console
2026-03-11T05:06:09.690Z 
LH:status Auditing: Initial 
server response time was 
short
2026-03-11T05:06:09.692Z 
LH:status Auditing: Time to 
Interactive
2026-03-11T05:06:09.694Z 
LH:status Auditing: User 
Timing marks and measures
2026-03-11T05:06:09.698Z 
LH:status Auditing: Avoid 
multiple page redirects
2026-03-11T05:06:09.701Z 
LH:status Auditing: Displays 
images with correct aspect 
ratio
2026-03-11T05:06:09.703Z 
LH:status Auditing: Serves 
images with appropriate 
resolution
2026-03-11T05:06:09.705Z 
LH:status Auditing: Avoids 
deprecated APIs
2026-03-11T05:06:09.707Z 
LH:status Auditing: Avoids 
third-party cookies
2026-03-11T05:06:09.709Z 
LH:status Auditing: 
Minimizes main-thread work
2026-03-11T05:06:09.730Z 
LH:status Auditing: 
JavaScript execution time
2026-03-11T05:06:09.744Z 
LH:status Auditing: 
Diagnostics
2026-03-11T05:06:09.745Z 
LH:status Auditing: Network 
Requests
2026-03-11T05:06:09.749Z 
LH:status Auditing: Network 
Round Trip Times
2026-03-11T05:06:09.752Z 
LH:status Auditing: Server 
Backend Latencies
2026-03-11T05:06:09.754Z 
LH:status Auditing: Tasks
2026-03-11T05:06:09.755Z 
LH:status Auditing: Metrics
2026-03-11T05:06:09.759Z 
LH:status Auditing: 
Resources Summary
2026-03-11T05:06:09.761Z 
LH:status Auditing: Avoid 
large layout shifts
2026-03-11T05:06:09.763Z 
LH:status Auditing: Avoid 
long main-thread tasks
2026-03-11T05:06:09.773Z 
LH:status Auditing: Avoid 
non-composited animations
2026-03-11T05:06:09.776Z 
LH:status Auditing: Image 
elements have explicit 
`width` and `height`
2026-03-11T05:06:09.778Z 
LH:status Auditing: Page has 
valid source maps
2026-03-11T05:06:09.782Z 
LH:status Auditing: Ensure 
CSP is effective against XSS 
attacks
2026-03-11T05:06:09.784Z 
LH:status Auditing: Use a 
strong HSTS policy
2026-03-11T05:06:09.787Z 
LH:status Auditing: Ensure 
proper origin isolation with 
COOP
2026-03-11T05:06:09.789Z 
LH:status Auditing: Mitigate 
clickjacking with XFO or CSP
2026-03-11T05:06:09.791Z 
LH:status Auditing: Mitigate 
DOM-based XSS with Trusted 
Types
2026-03-11T05:06:09.793Z 
LH:status Auditing: Script 
Treemap Data
2026-03-11T05:06:09.853Z 
LH:status Auditing: 
`[accesskey]` values are 
unique
2026-03-11T05:06:09.855Z 
LH:status Auditing: 
`[aria-*]` attributes match 
their roles
2026-03-11T05:06:09.856Z 
LH:status Auditing: Uses 
ARIA roles only on 
compatible elements
2026-03-11T05:06:09.860Z 
LH:status Auditing: 
`button`, `link`, and 
`menuitem` elements have 
accessible names
2026-03-11T05:06:09.863Z 
LH:status Auditing: ARIA 
attributes are used as 
specified for the element's 
role
2026-03-11T05:06:09.866Z 
LH:status Auditing: 
Deprecated ARIA roles were 
not used
2026-03-11T05:06:09.867Z 
LH:status Auditing: Elements 
with `role="dialog"` or 
`role="alertdialog"` have 
accessible names.
2026-03-11T05:06:09.870Z 
LH:status Auditing: 
`[aria-hidden="true"]` is 
not present on the document 
`<body>`
2026-03-11T05:06:09.878Z 
LH:status Auditing: 
`[aria-hidden="true"]` 
elements do not contain 
focusable descendents
2026-03-11T05:06:09.885Z 
LH:status Auditing: ARIA 
input fields have accessible 
names
2026-03-11T05:06:09.887Z 
LH:status Auditing: ARIA 
`meter` elements have 
accessible names
2026-03-11T05:06:09.889Z 
LH:status Auditing: ARIA 
`progressbar` elements have 
accessible names
2026-03-11T05:06:09.891Z 
LH:status Auditing: Elements 
use only permitted ARIA 
attributes
2026-03-11T05:06:09.894Z 
LH:status Auditing: 
`[role]`s have all required 
`[aria-*]` attributes
2026-03-11T05:06:09.896Z 
LH:status Auditing: Elements 
with an ARIA `[role]` that 
require children to contain 
a specific `[role]` have all 
required children.
2026-03-11T05:06:09.899Z 
LH:status Auditing: 
`[role]`s are contained by 
their required parent element
2026-03-11T05:06:09.901Z 
LH:status Auditing: `[role]` 
values are valid
2026-03-11T05:06:09.904Z 
LH:status Auditing: Elements 
with the `role=text` 
attribute do not have 
focusable descendents.
2026-03-11T05:06:09.907Z 
LH:status Auditing: ARIA 
toggle fields have 
accessible names
2026-03-11T05:06:09.909Z 
LH:status Auditing: ARIA 
`tooltip` elements have 
accessible names
2026-03-11T05:06:09.912Z 
LH:status Auditing: ARIA 
`treeitem` elements have 
accessible names
2026-03-11T05:06:09.915Z 
LH:status Auditing: 
`[aria-*]` attributes have 
valid values
2026-03-11T05:06:09.918Z 
LH:status Auditing: 
`[aria-*]` attributes are 
valid and not misspelled
2026-03-11T05:06:09.922Z 
LH:status Auditing: Buttons 
have an accessible name
2026-03-11T05:06:09.928Z 
LH:status Auditing: The page 
contains a heading, skip 
link, or landmark region
2026-03-11T05:06:09.934Z 
LH:status Auditing: 
Background and foreground 
colors have a sufficient 
contrast ratio
2026-03-11T05:06:09.940Z 
LH:status Auditing: `<dl>`'s 
contain only 
properly-ordered `<dt>` and 
`<dd>` groups, `<script>`, 
`<template>` or `<div>` 
elements.
2026-03-11T05:06:09.944Z 
LH:status Auditing: 
Definition list items are 
wrapped in `<dl>` elements
2026-03-11T05:06:09.947Z 
LH:status Auditing: Document 
has a `<title>` element
2026-03-11T05:06:09.953Z 
LH:status Auditing: ARIA IDs 
are unique
2026-03-11T05:06:09.956Z 
LH:status Auditing: All 
heading elements contain 
content.
2026-03-11T05:06:09.962Z 
LH:status Auditing: No form 
fields have multiple labels
2026-03-11T05:06:09.965Z 
LH:status Auditing: 
`<frame>` or `<iframe>` 
elements have a title
2026-03-11T05:06:09.969Z 
LH:status Auditing: Heading 
elements appear in a 
sequentially-descending order
2026-03-11T05:06:09.975Z 
LH:status Auditing: `<html>` 
element has a `[lang]` 
attribute
2026-03-11T05:06:09.982Z 
LH:status Auditing: `<html>` 
element has a valid value 
for its `[lang]` attribute
2026-03-11T05:06:09.988Z 
LH:status Auditing: `<html>` 
element has an `[xml:lang]` 
attribute with the same base 
language as the `[lang]` 
attribute.
2026-03-11T05:06:09.992Z 
LH:status Auditing: 
Identical links have the 
same purpose.
2026-03-11T05:06:09.998Z 
LH:status Auditing: Image 
elements have `[alt]` 
attributes
2026-03-11T05:06:10.001Z 
LH:status Auditing: Image 
elements do not have `[alt]` 
attributes that are 
redundant text.
2026-03-11T05:06:10.005Z 
LH:status Auditing: Input 
buttons have discernible 
text.
2026-03-11T05:06:10.009Z 
LH:status Auditing: `<input 
type="image">` elements have 
`[alt]` text
2026-03-11T05:06:10.013Z 
LH:status Auditing: Elements 
with visible text labels 
have matching accessible 
names.
2026-03-11T05:06:10.018Z 
LH:status Auditing: Form 
elements have associated 
labels
2026-03-11T05:06:10.033Z 
LH:status Auditing: Document 
has a main landmark.
2026-03-11T05:06:10.039Z 
LH:status Auditing: Links 
have a discernible name
2026-03-11T05:06:10.045Z 
LH:status Auditing: Links 
are distinguishable without 
relying on color.
2026-03-11T05:06:10.049Z 
LH:status Auditing: Lists 
contain only `<li>` elements 
and script supporting 
elements (`<script>` and 
`<template>`).
2026-03-11T05:06:10.054Z 
LH:status Auditing: List 
items (`<li>`) are contained 
within `<ul>`, `<ol>` or 
`<menu>` parent elements
2026-03-11T05:06:10.059Z 
LH:status Auditing: The 
document does not use `<meta 
http-equiv="refresh">`
2026-03-11T05:06:10.064Z 
LH:status Auditing: 
`[user-scalable="no"]` is 
not used in the `<meta 
name="viewport">` element 
and the `[maximum-scale]` 
attribute is not less than 5.
2026-03-11T05:06:10.070Z 
LH:status Auditing: 
`<object>` elements have 
alternate text
2026-03-11T05:06:10.074Z 
LH:status Auditing: Select 
elements have associated 
label elements.
2026-03-11T05:06:10.079Z 
LH:status Auditing: Skip 
links are focusable.
2026-03-11T05:06:10.083Z 
LH:status Auditing: No 
element has a `[tabindex]` 
value greater than 0
2026-03-11T05:06:10.088Z 
LH:status Auditing: Tables 
have different content in 
the summary attribute and 
`<caption>`.
2026-03-11T05:06:10.093Z 
LH:status Auditing: Tables 
use `<caption>` instead of 
cells with the `[colspan]` 
attribute to indicate a 
caption.
2026-03-11T05:06:10.098Z 
LH:status Auditing: Touch 
targets have sufficient size 
and spacing.
2026-03-11T05:06:10.104Z 
LH:status Auditing: `<td>` 
elements in a large 
`<table>` have one or more 
table headers.
2026-03-11T05:06:10.109Z 
LH:status Auditing: Cells in 
a `<table>` element that use 
the `[headers]` attribute 
refer to table cells within 
the same table.
2026-03-11T05:06:10.114Z 
LH:status Auditing: `<th>` 
elements and elements with `[
role="columnheader"/"rowheade
r"]` have data cells they 
describe.
2026-03-11T05:06:10.119Z 
LH:status Auditing: `[lang]` 
attributes have a valid value
2026-03-11T05:06:10.125Z 
LH:status Auditing: 
`<video>` elements contain a 
`<track>` element with 
`[kind="captions"]`
2026-03-11T05:06:10.130Z 
LH:status Auditing: Custom 
controls have associated 
labels
2026-03-11T05:06:10.130Z 
LH:status Auditing: Custom 
controls have ARIA roles
2026-03-11T05:06:10.130Z 
LH:status Auditing: User 
focus is not accidentally 
trapped in a region
2026-03-11T05:06:10.130Z 
LH:status Auditing: 
Interactive controls are 
keyboard focusable
2026-03-11T05:06:10.130Z 
LH:status Auditing: 
Interactive elements 
indicate their purpose and 
state
2026-03-11T05:06:10.130Z 
LH:status Auditing: The page 
has a logical tab order
2026-03-11T05:06:10.130Z 
LH:status Auditing: The 
user's focus is directed to 
new content added to the page
2026-03-11T05:06:10.130Z 
LH:status Auditing: 
Offscreen content is hidden 
from assistive technology
2026-03-11T05:06:10.130Z 
LH:status Auditing: HTML5 
landmark elements are used 
to improve navigation
2026-03-11T05:06:10.130Z 
LH:status Auditing: Visual 
order on the page follows 
DOM order
2026-03-11T05:06:10.130Z 
LH:status Auditing: Avoids 
enormous network payloads
2026-03-11T05:06:10.133Z 
LH:status Auditing: Minify 
CSS
2026-03-11T05:06:10.150Z 
LH:status Auditing: Minify 
JavaScript
2026-03-11T05:06:10.284Z 
LH:status Auditing: Reduce 
unused CSS
2026-03-11T05:06:10.290Z 
LH:status Auditing: Reduce 
unused JavaScript
2026-03-11T05:06:10.294Z 
LH:status Auditing: Page has 
the HTML doctype
2026-03-11T05:06:10.296Z 
LH:status Auditing: Properly 
defines charset
2026-03-11T05:06:10.298Z 
LH:status Auditing: Avoids 
requesting the geolocation 
permission on page load
2026-03-11T05:06:10.300Z 
LH:status Auditing: No 
issues in the `Issues` panel 
in Chrome Devtools
2026-03-11T05:06:10.301Z 
LH:status Auditing: Detected 
JavaScript libraries
2026-03-11T05:06:10.302Z 
LH:status Auditing: Avoids 
requesting the notification 
permission on page load
2026-03-11T05:06:10.304Z 
LH:status Auditing: Allows 
users to paste into input 
fields
2026-03-11T05:06:10.305Z 
LH:status Auditing: Document 
has a meta description
2026-03-11T05:06:10.307Z 
LH:status Auditing: Page has 
successful HTTP status code
2026-03-11T05:06:10.308Z 
LH:status Auditing: Links 
have descriptive text
2026-03-11T05:06:10.310Z 
LH:status Auditing: Links 
are crawlable
2026-03-11T05:06:10.312Z 
LH:status Auditing: Page 
isnΓÇÖt blocked from indexing
2026-03-11T05:06:10.316Z 
LH:status Auditing: 
robots.txt is valid
2026-03-11T05:06:10.319Z 
LH:status Auditing: Document 
has a valid `hreflang`
2026-03-11T05:06:10.320Z 
LH:status Auditing: Document 
has a valid `rel=canonical`
2026-03-11T05:06:10.322Z 
LH:status Auditing: 
Structured data is valid
2026-03-11T05:06:10.323Z 
LH:status Auditing: Page 
didn't prevent back/forward 
cache restoration
2026-03-11T05:06:10.325Z 
LH:status Auditing: Use 
efficient cache lifetimes
2026-03-11T05:06:10.327Z 
LH:status Auditing: Layout 
shift culprits
2026-03-11T05:06:10.329Z 
LH:status Auditing: Document 
request latency
2026-03-11T05:06:10.331Z 
LH:status Auditing: Optimize 
DOM size
2026-03-11T05:06:10.333Z 
LH:status Auditing: 
Duplicated JavaScript
2026-03-11T05:06:10.346Z 
LH:status Auditing: Font 
display
2026-03-11T05:06:10.348Z 
LH:status Auditing: Forced 
reflow
2026-03-11T05:06:10.350Z 
LH:status Auditing: Improve 
image delivery
2026-03-11T05:06:10.352Z 
LH:status Auditing: INP 
breakdown
2026-03-11T05:06:10.354Z 
LH:status Auditing: LCP 
breakdown
2026-03-11T05:06:10.356Z 
LH:status Auditing: LCP 
request discovery
2026-03-11T05:06:10.357Z 
LH:status Auditing: Legacy 
JavaScript
2026-03-11T05:06:10.359Z 
LH:status Auditing: Modern 
HTTP
2026-03-11T05:06:10.361Z 
LH:status Auditing: Network 
dependency tree
2026-03-11T05:06:10.364Z 
LH:status Auditing: Render 
blocking requests
2026-03-11T05:06:10.366Z 
LH:status Auditing: 3rd 
parties
2026-03-11T05:06:10.385Z 
LH:status Auditing: Optimize 
viewport for mobile
2026-03-11T05:06:10.387Z 
LH:status Generating 
results...
Γ£à Report generated: C:\Users\gjyos\OneDrive\Desktop\SE_Project\novasketch-testing\reports\frontend-performance.html
Performance: 78 | Accessibility: 92 | Best Practices: 96 | SEO: 82
2026-03-11T05:06:10.428Z 
LH:ChromeLauncher Killing 
Chrome instance 19924

ΓÅ│ Running Lighthouse on Frontend [auth-page]: http://localhost:4173/auth
2026-03-11T05:06:12.280Z 
LH:status Connecting to 
browser
2026-03-11T05:06:12.295Z 
LH:status Navigating to 
about:blank
2026-03-11T05:06:12.312Z 
LH:status Benchmarking 
machine
2026-03-11T05:06:13.322Z 
LH:status Host device pixel 
ratio
2026-03-11T05:06:13.325Z 
LH:status Preparing target 
for navigation mode
2026-03-11T05:06:13.350Z 
LH:status Cleaning origin 
data
2026-03-11T05:06:13.373Z 
LH:status Cleaning browser 
cache
2026-03-11T05:06:13.400Z 
LH:status Preparing network 
conditions
2026-03-11T05:06:13.467Z 
LH:status Navigating to 
http://localhost:4173/auth
2026-03-11T05:06:18.199Z 
LH:status Getting artifact: 
DevtoolsLog
2026-03-11T05:06:18.199Z 
LH:status Getting artifact: 
Trace
2026-03-11T05:06:18.199Z 
LH:status Getting artifact: 
Accessibility
2026-03-11T05:06:18.495Z 
LH:status Getting artifact: 
AnchorElements
2026-03-11T05:06:18.509Z 
LH:status Getting artifact: 
ConsoleMessages
2026-03-11T05:06:18.509Z 
LH:status Getting artifact: 
CSSUsage
2026-03-11T05:06:18.922Z 
LH:status Getting artifact: 
Doctype
2026-03-11T05:06:18.925Z 
LH:status Getting artifact: 
Inputs
2026-03-11T05:06:18.933Z 
LH:status Getting artifact: 
ImageElements
2026-03-11T05:06:18.950Z 
LH:status Getting artifact: 
InspectorIssues
2026-03-11T05:06:18.950Z 
LH:status Getting artifact: 
JsUsage
2026-03-11T05:06:18.950Z 
LH:status Getting artifact: 
LinkElements
2026-03-11T05:06:18.956Z 
LH:status Getting artifact: 
MainDocumentContent
2026-03-11T05:06:18.958Z 
LH:status Getting artifact: 
MetaElements
2026-03-11T05:06:18.963Z 
LH:status Getting artifact: 
NetworkUserAgent
2026-03-11T05:06:18.963Z 
LH:status Getting artifact: 
RobotsTxt
2026-03-11T05:06:18.974Z 
LH:status Getting artifact: 
Scripts
2026-03-11T05:06:18.974Z 
LH:status Getting artifact: 
SourceMaps
2026-03-11T05:06:18.975Z 
LH:status Getting artifact: 
Stacks
2026-03-11T05:06:18.975Z 
LH:status Collect stacks
2026-03-11T05:06:18.989Z 
LH:status Getting artifact: 
Stylesheets
2026-03-11T05:06:19.007Z 
LH:status Getting artifact: 
TraceElements
2026-03-11T05:06:19.060Z 
LH:status Trace Engine total
2026-03-11T05:06:19.060Z 
LH:status Trace Engine parse
2026-03-11T05:06:19.060Z 
LH:status Trace Engine 
parse:handleEvent
2026-03-11T05:06:19.185Z 
LH:status Trace Engine 
parse:Meta:finalize
2026-03-11T05:06:19.200Z 
LH:status Trace Engine parse:
AnimationFrames:finalize
2026-03-11T05:06:19.216Z 
LH:status Trace Engine 
parse:Animations:finalize
2026-03-11T05:06:19.234Z 
LH:status Trace Engine 
parse:Samples:finalize
2026-03-11T05:06:19.248Z 
LH:status Trace Engine parse:
AuctionWorklets:finalize
2026-03-11T05:06:19.264Z 
LH:status Trace Engine parse:
NetworkRequests:finalize
2026-03-11T05:06:19.281Z 
LH:status Trace Engine 
parse:Renderer:finalize
2026-03-11T05:06:19.316Z 
LH:status Trace Engine 
parse:Flows:finalize
2026-03-11T05:06:19.333Z 
LH:status Trace Engine 
parse:AsyncJSCalls:finalize
2026-03-11T05:06:19.336Z 
LH:status Trace Engine 
parse:DOMStats:finalize
2026-03-11T05:06:19.342Z 
LH:status Trace Engine 
parse:UserTimings:finalize
2026-03-11T05:06:19.357Z 
LH:status Trace Engine parse:
ExtensionTraceData:finalize
2026-03-11T05:06:19.373Z 
LH:status Trace Engine 
parse:LayerTree:finalize
2026-03-11T05:06:19.389Z 
LH:status Trace Engine 
parse:Frames:finalize
2026-03-11T05:06:19.409Z 
LH:status Trace Engine 
parse:GPU:finalize
2026-03-11T05:06:19.420Z 
LH:status Trace Engine 
parse:ImagePainting:finalize
2026-03-11T05:06:19.435Z 
LH:status Trace Engine 
parse:Initiators:finalize
2026-03-11T05:06:19.450Z 
LH:status Trace Engine 
parse:Invalidations:finalize
2026-03-11T05:06:19.465Z 
LH:status Trace Engine parse:
PageLoadMetrics:finalize
2026-03-11T05:06:19.482Z 
LH:status Trace Engine parse:
LargestImagePaint:finalize
2026-03-11T05:06:19.497Z 
LH:status Trace Engine parse:
LargestTextPaint:finalize
2026-03-11T05:06:19.513Z 
LH:status Trace Engine 
parse:Screenshots:finalize
2026-03-11T05:06:19.534Z 
LH:status Trace Engine 
parse:LayoutShifts:finalize
2026-03-11T05:06:19.544Z 
LH:status Trace Engine 
parse:Memory:finalize
2026-03-11T05:06:19.559Z 
LH:status Trace Engine 
parse:PageFrames:finalize
2026-03-11T05:06:19.559Z 
LH:status Trace Engine 
parse:Scripts:finalize
2026-03-11T05:06:19.575Z 
LH:status Trace Engine 
parse:SelectorStats:finalize
2026-03-11T05:06:19.591Z 
LH:status Trace Engine parse:
UserInteractions:finalize
2026-03-11T05:06:19.606Z 
LH:status Trace Engine 
parse:Workers:finalize
2026-03-11T05:06:19.622Z 
LH:status Trace Engine 
parse:Warnings:finalize
2026-03-11T05:06:19.638Z 
LH:status Trace Engine 
parse:handler.data()
2026-03-11T05:06:19.638Z 
LH:status Trace Engine 
insights
2026-03-11T05:06:19.638Z 
LH:status Trace Engine 
insights:CLSCulprits
2026-03-11T05:06:19.639Z 
LH:status Trace Engine 
insights:Cache
2026-03-11T05:06:19.639Z 
LH:status Trace Engine 
insights:DOMSize
2026-03-11T05:06:19.640Z 
LH:status Trace Engine 
insights:DocumentLatency
2026-03-11T05:06:19.640Z 
LH:status Trace Engine 
insights:DuplicatedJavaScript
2026-03-11T05:06:19.640Z 
LH:status Trace Engine 
insights:FontDisplay
2026-03-11T05:06:19.640Z 
LH:status Trace Engine 
insights:ForcedReflow
2026-03-11T05:06:19.640Z 
LH:status Trace Engine 
insights:INPBreakdown
2026-03-11T05:06:19.640Z 
LH:status Trace Engine 
insights:ImageDelivery
2026-03-11T05:06:19.640Z 
LH:status Trace Engine 
insights:LCPBreakdown
2026-03-11T05:06:19.640Z 
LH:status Trace Engine 
insights:LCPDiscovery
2026-03-11T05:06:19.640Z 
LH:status Trace Engine 
insights:LegacyJavaScript
2026-03-11T05:06:19.640Z 
LH:status Trace Engine 
insights:ModernHTTP
2026-03-11T05:06:19.640Z 
LH:status Trace Engine insigh
ts:NetworkDependencyTree
2026-03-11T05:06:19.641Z 
LH:status Trace Engine 
insights:RenderBlocking
2026-03-11T05:06:19.641Z 
LH:status Trace Engine 
insights:SlowCSSSelector
2026-03-11T05:06:19.641Z 
LH:status Trace Engine 
insights:ThirdParties
2026-03-11T05:06:19.643Z 
LH:status Trace Engine 
insights:Viewport
2026-03-11T05:06:19.643Z 
LH:status Trace Engine 
insights:createLanternContext
2026-03-11T05:06:19.665Z 
LH:status Trace Engine 
insights:CLSCulprits
2026-03-11T05:06:19.665Z 
LH:status Trace Engine 
insights:Cache
2026-03-11T05:06:19.666Z 
LH:status Trace Engine 
insights:DOMSize
2026-03-11T05:06:19.666Z 
LH:status Trace Engine 
insights:DocumentLatency
2026-03-11T05:06:19.666Z 
LH:status Trace Engine 
insights:DuplicatedJavaScript
2026-03-11T05:06:19.666Z 
LH:status Trace Engine 
insights:FontDisplay
2026-03-11T05:06:19.666Z 
LH:status Trace Engine 
insights:ForcedReflow
2026-03-11T05:06:19.667Z 
LH:status Trace Engine 
insights:INPBreakdown
2026-03-11T05:06:19.667Z 
LH:status Trace Engine 
insights:ImageDelivery
2026-03-11T05:06:19.667Z 
LH:status Trace Engine 
insights:LCPBreakdown
2026-03-11T05:06:19.667Z 
LH:status Trace Engine 
insights:LCPDiscovery
2026-03-11T05:06:19.667Z 
LH:status Trace Engine 
insights:LegacyJavaScript
2026-03-11T05:06:19.783Z 
LH:status Trace Engine 
insights:ModernHTTP
2026-03-11T05:06:19.785Z 
LH:status Trace Engine insigh
ts:NetworkDependencyTree
2026-03-11T05:06:19.786Z 
LH:status Trace Engine 
insights:RenderBlocking
2026-03-11T05:06:19.788Z 
LH:status Trace Engine 
insights:SlowCSSSelector
2026-03-11T05:06:19.788Z 
LH:status Trace Engine 
insights:ThirdParties
2026-03-11T05:06:19.802Z 
LH:status Trace Engine 
insights:Viewport
2026-03-11T05:06:19.965Z 
LH:status Getting artifact: 
ViewportDimensions
2026-03-11T05:06:19.967Z 
LH:status Getting artifact: 
FullPageScreenshot
2026-03-11T05:06:21.141Z 
LH:status Getting artifact: 
BFCacheFailures
2026-03-11T05:06:21.449Z 
LH:status Analyzing and 
running audits...
2026-03-11T05:06:21.450Z 
LH:status Auditing: Uses 
HTTPS
2026-03-11T05:06:21.454Z 
LH:status Auditing: 
Redirects HTTP traffic to 
HTTPS
2026-03-11T05:06:21.458Z 
LH:status Auditing: First 
Contentful Paint
2026-03-11T05:06:21.473Z 
LH:status Auditing: Largest 
Contentful Paint
2026-03-11T05:06:21.479Z 
LH:status Auditing: Speed 
Index
2026-03-11T05:06:21.850Z 
LH:status Auditing: 
Screenshot Thumbnails
2026-03-11T05:06:21.850Z 
LH:status Auditing: Final 
Screenshot
2026-03-11T05:06:21.852Z 
LH:status Auditing: Total 
Blocking Time
2026-03-11T05:06:21.857Z 
LH:status Auditing: Max 
Potential First Input Delay
2026-03-11T05:06:21.862Z 
LH:status Auditing: 
Cumulative Layout Shift
2026-03-11T05:06:21.863Z 
LH:status Auditing: No 
browser errors logged to the 
console
2026-03-11T05:06:21.866Z 
LH:status Auditing: Initial 
server response time was 
short
2026-03-11T05:06:21.868Z 
LH:status Auditing: Time to 
Interactive
2026-03-11T05:06:21.870Z 
LH:status Auditing: User 
Timing marks and measures
2026-03-11T05:06:21.875Z 
LH:status Auditing: Avoid 
multiple page redirects
2026-03-11T05:06:21.878Z 
LH:status Auditing: Displays 
images with correct aspect 
ratio
2026-03-11T05:06:21.880Z 
LH:status Auditing: Serves 
images with appropriate 
resolution
2026-03-11T05:06:21.881Z 
LH:status Auditing: Avoids 
deprecated APIs
2026-03-11T05:06:21.883Z 
LH:status Auditing: Avoids 
third-party cookies
2026-03-11T05:06:21.884Z 
LH:status Auditing: 
Minimizes main-thread work
2026-03-11T05:06:21.906Z 
LH:status Auditing: 
JavaScript execution time
2026-03-11T05:06:21.919Z 
LH:status Auditing: 
Diagnostics
2026-03-11T05:06:21.920Z 
LH:status Auditing: Network 
Requests
2026-03-11T05:06:21.922Z 
LH:status Auditing: Network 
Round Trip Times
2026-03-11T05:06:21.923Z 
LH:status Auditing: Server 
Backend Latencies
2026-03-11T05:06:21.924Z 
LH:status Auditing: Tasks
2026-03-11T05:06:21.925Z 
LH:status Auditing: Metrics
2026-03-11T05:06:21.928Z 
LH:status Auditing: 
Resources Summary
2026-03-11T05:06:21.929Z 
LH:status Auditing: Avoid 
large layout shifts
2026-03-11T05:06:21.930Z 
LH:status Auditing: Avoid 
long main-thread tasks
2026-03-11T05:06:21.934Z 
LH:status Auditing: Avoid 
non-composited animations
2026-03-11T05:06:21.936Z 
LH:status Auditing: Image 
elements have explicit 
`width` and `height`
2026-03-11T05:06:21.938Z 
LH:status Auditing: Page has 
valid source maps
2026-03-11T05:06:21.939Z 
LH:status Auditing: Ensure 
CSP is effective against XSS 
attacks
2026-03-11T05:06:21.940Z 
LH:status Auditing: Use a 
strong HSTS policy
2026-03-11T05:06:21.942Z 
LH:status Auditing: Ensure 
proper origin isolation with 
COOP
2026-03-11T05:06:21.943Z 
LH:status Auditing: Mitigate 
clickjacking with XFO or CSP
2026-03-11T05:06:21.944Z 
LH:status Auditing: Mitigate 
DOM-based XSS with Trusted 
Types
2026-03-11T05:06:21.951Z 
LH:status Auditing: Script 
Treemap Data
2026-03-11T05:06:22.001Z 
LH:status Auditing: 
`[accesskey]` values are 
unique
2026-03-11T05:06:22.002Z 
LH:status Auditing: 
`[aria-*]` attributes match 
their roles
2026-03-11T05:06:22.003Z 
LH:status Auditing: Uses 
ARIA roles only on 
compatible elements
2026-03-11T05:06:22.005Z 
LH:status Auditing: 
`button`, `link`, and 
`menuitem` elements have 
accessible names
2026-03-11T05:06:22.007Z 
LH:status Auditing: ARIA 
attributes are used as 
specified for the element's 
role
2026-03-11T05:06:22.008Z 
LH:status Auditing: 
Deprecated ARIA roles were 
not used
2026-03-11T05:06:22.010Z 
LH:status Auditing: Elements 
with `role="dialog"` or 
`role="alertdialog"` have 
accessible names.
2026-03-11T05:06:22.012Z 
LH:status Auditing: 
`[aria-hidden="true"]` is 
not present on the document 
`<body>`
2026-03-11T05:06:22.023Z 
LH:status Auditing: 
`[aria-hidden="true"]` 
elements do not contain 
focusable descendents
2026-03-11T05:06:22.033Z 
LH:status Auditing: ARIA 
input fields have accessible 
names
2026-03-11T05:06:22.035Z 
LH:status Auditing: ARIA 
`meter` elements have 
accessible names
2026-03-11T05:06:22.037Z 
LH:status Auditing: ARIA 
`progressbar` elements have 
accessible names
2026-03-11T05:06:22.039Z 
LH:status Auditing: Elements 
use only permitted ARIA 
attributes
2026-03-11T05:06:22.041Z 
LH:status Auditing: 
`[role]`s have all required 
`[aria-*]` attributes
2026-03-11T05:06:22.043Z 
LH:status Auditing: Elements 
with an ARIA `[role]` that 
require children to contain 
a specific `[role]` have all 
required children.
2026-03-11T05:06:22.046Z 
LH:status Auditing: 
`[role]`s are contained by 
their required parent element
2026-03-11T05:06:22.048Z 
LH:status Auditing: `[role]` 
values are valid
2026-03-11T05:06:22.050Z 
LH:status Auditing: Elements 
with the `role=text` 
attribute do not have 
focusable descendents.
2026-03-11T05:06:22.053Z 
LH:status Auditing: ARIA 
toggle fields have 
accessible names
2026-03-11T05:06:22.055Z 
LH:status Auditing: ARIA 
`tooltip` elements have 
accessible names
2026-03-11T05:06:22.058Z 
LH:status Auditing: ARIA 
`treeitem` elements have 
accessible names
2026-03-11T05:06:22.061Z 
LH:status Auditing: 
`[aria-*]` attributes have 
valid values
2026-03-11T05:06:22.063Z 
LH:status Auditing: 
`[aria-*]` attributes are 
valid and not misspelled
2026-03-11T05:06:22.066Z 
LH:status Auditing: Buttons 
have an accessible name
2026-03-11T05:06:22.072Z 
LH:status Auditing: The page 
contains a heading, skip 
link, or landmark region
2026-03-11T05:06:22.075Z 
LH:status Auditing: 
Background and foreground 
colors have a sufficient 
contrast ratio
2026-03-11T05:06:22.080Z 
LH:status Auditing: `<dl>`'s 
contain only 
properly-ordered `<dt>` and 
`<dd>` groups, `<script>`, 
`<template>` or `<div>` 
elements.
2026-03-11T05:06:22.084Z 
LH:status Auditing: 
Definition list items are 
wrapped in `<dl>` elements
2026-03-11T05:06:22.087Z 
LH:status Auditing: Document 
has a `<title>` element
2026-03-11T05:06:22.093Z 
LH:status Auditing: ARIA IDs 
are unique
2026-03-11T05:06:22.096Z 
LH:status Auditing: All 
heading elements contain 
content.
2026-03-11T05:06:22.102Z 
LH:status Auditing: No form 
fields have multiple labels
2026-03-11T05:06:22.108Z 
LH:status Auditing: 
`<frame>` or `<iframe>` 
elements have a title
2026-03-11T05:06:22.111Z 
LH:status Auditing: Heading 
elements appear in a 
sequentially-descending order
2026-03-11T05:06:22.118Z 
LH:status Auditing: `<html>` 
element has a `[lang]` 
attribute
2026-03-11T05:06:22.126Z 
LH:status Auditing: `<html>` 
element has a valid value 
for its `[lang]` attribute
2026-03-11T05:06:22.136Z 
LH:status Auditing: `<html>` 
element has an `[xml:lang]` 
attribute with the same base 
language as the `[lang]` 
attribute.
2026-03-11T05:06:22.143Z 
LH:status Auditing: 
Identical links have the 
same purpose.
2026-03-11T05:06:22.150Z 
LH:status Auditing: Image 
elements have `[alt]` 
attributes
2026-03-11T05:06:22.157Z 
LH:status Auditing: Image 
elements do not have `[alt]` 
attributes that are 
redundant text.
2026-03-11T05:06:22.165Z 
LH:status Auditing: Input 
buttons have discernible 
text.
2026-03-11T05:06:22.172Z 
LH:status Auditing: `<input 
type="image">` elements have 
`[alt]` text
2026-03-11T05:06:22.180Z 
LH:status Auditing: Elements 
with visible text labels 
have matching accessible 
names.
2026-03-11T05:06:22.188Z 
LH:status Auditing: Form 
elements have associated 
labels
2026-03-11T05:06:22.198Z 
LH:status Auditing: Document 
has a main landmark.
2026-03-11T05:06:22.206Z 
LH:status Auditing: Links 
have a discernible name
2026-03-11T05:06:22.215Z 
LH:status Auditing: Links 
are distinguishable without 
relying on color.
2026-03-11T05:06:22.221Z 
LH:status Auditing: Lists 
contain only `<li>` elements 
and script supporting 
elements (`<script>` and 
`<template>`).
2026-03-11T05:06:22.240Z 
LH:status Auditing: List 
items (`<li>`) are contained 
within `<ul>`, `<ol>` or 
`<menu>` parent elements
2026-03-11T05:06:22.246Z 
LH:status Auditing: The 
document does not use `<meta 
http-equiv="refresh">`
2026-03-11T05:06:22.251Z 
LH:status Auditing: 
`[user-scalable="no"]` is 
not used in the `<meta 
name="viewport">` element 
and the `[maximum-scale]` 
attribute is not less than 5.
2026-03-11T05:06:22.259Z 
LH:status Auditing: 
`<object>` elements have 
alternate text
2026-03-11T05:06:22.264Z 
LH:status Auditing: Select 
elements have associated 
label elements.
2026-03-11T05:06:22.274Z 
LH:status Auditing: Skip 
links are focusable.
2026-03-11T05:06:22.281Z 
LH:status Auditing: No 
element has a `[tabindex]` 
value greater than 0
2026-03-11T05:06:22.288Z 
LH:status Auditing: Tables 
have different content in 
the summary attribute and 
`<caption>`.
2026-03-11T05:06:22.294Z 
LH:status Auditing: Tables 
use `<caption>` instead of 
cells with the `[colspan]` 
attribute to indicate a 
caption.
2026-03-11T05:06:22.304Z 
LH:status Auditing: Touch 
targets have sufficient size 
and spacing.
2026-03-11T05:06:22.317Z 
LH:status Auditing: `<td>` 
elements in a large 
`<table>` have one or more 
table headers.
2026-03-11T05:06:22.328Z 
LH:status Auditing: Cells in 
a `<table>` element that use 
the `[headers]` attribute 
refer to table cells within 
the same table.
2026-03-11T05:06:22.341Z 
LH:status Auditing: `<th>` 
elements and elements with `[
role="columnheader"/"rowheade
r"]` have data cells they 
describe.
2026-03-11T05:06:22.353Z 
LH:status Auditing: `[lang]` 
attributes have a valid value
2026-03-11T05:06:22.363Z 
LH:status Auditing: 
`<video>` elements contain a 
`<track>` element with 
`[kind="captions"]`
2026-03-11T05:06:22.369Z 
LH:status Auditing: Custom 
controls have associated 
labels
2026-03-11T05:06:22.369Z 
LH:status Auditing: Custom 
controls have ARIA roles
2026-03-11T05:06:22.369Z 
LH:status Auditing: User 
focus is not accidentally 
trapped in a region
2026-03-11T05:06:22.369Z 
LH:status Auditing: 
Interactive controls are 
keyboard focusable
2026-03-11T05:06:22.369Z 
LH:status Auditing: 
Interactive elements 
indicate their purpose and 
state
2026-03-11T05:06:22.370Z 
LH:status Auditing: The page 
has a logical tab order
2026-03-11T05:06:22.370Z 
LH:status Auditing: The 
user's focus is directed to 
new content added to the page
2026-03-11T05:06:22.370Z 
LH:status Auditing: 
Offscreen content is hidden 
from assistive technology
2026-03-11T05:06:22.370Z 
LH:status Auditing: HTML5 
landmark elements are used 
to improve navigation
2026-03-11T05:06:22.370Z 
LH:status Auditing: Visual 
order on the page follows 
DOM order
2026-03-11T05:06:22.370Z 
LH:status Auditing: Avoids 
enormous network payloads
2026-03-11T05:06:22.374Z 
LH:status Auditing: Minify 
CSS
2026-03-11T05:06:22.401Z 
LH:status Auditing: Minify 
JavaScript
2026-03-11T05:06:22.603Z 
LH:status Auditing: Reduce 
unused CSS
2026-03-11T05:06:22.607Z 
LH:status Auditing: Reduce 
unused JavaScript
2026-03-11T05:06:22.611Z 
LH:status Auditing: Page has 
the HTML doctype
2026-03-11T05:06:22.613Z 
LH:status Auditing: Properly 
defines charset
2026-03-11T05:06:22.615Z 
LH:status Auditing: Avoids 
requesting the geolocation 
permission on page load
2026-03-11T05:06:22.617Z 
LH:status Auditing: No 
issues in the `Issues` panel 
in Chrome Devtools
2026-03-11T05:06:22.618Z 
LH:status Auditing: Detected 
JavaScript libraries
2026-03-11T05:06:22.619Z 
LH:status Auditing: Avoids 
requesting the notification 
permission on page load
2026-03-11T05:06:22.621Z 
LH:status Auditing: Allows 
users to paste into input 
fields
2026-03-11T05:06:22.623Z 
LH:status Auditing: Document 
has a meta description
2026-03-11T05:06:22.624Z 
LH:status Auditing: Page has 
successful HTTP status code
2026-03-11T05:06:22.626Z 
LH:status Auditing: Links 
have descriptive text
2026-03-11T05:06:22.627Z 
LH:status Auditing: Links 
are crawlable
2026-03-11T05:06:22.628Z 
LH:status Auditing: Page 
isnΓÇÖt blocked from indexing
2026-03-11T05:06:22.631Z 
LH:status Auditing: 
robots.txt is valid
2026-03-11T05:06:22.633Z 
LH:status Auditing: Document 
has a valid `hreflang`
2026-03-11T05:06:22.634Z 
LH:status Auditing: Document 
has a valid `rel=canonical`
2026-03-11T05:06:22.636Z 
LH:status Auditing: 
Structured data is valid
2026-03-11T05:06:22.637Z 
LH:status Auditing: Page 
didn't prevent back/forward 
cache restoration
2026-03-11T05:06:22.640Z 
LH:status Auditing: Use 
efficient cache lifetimes
2026-03-11T05:06:22.644Z 
LH:status Auditing: Layout 
shift culprits
2026-03-11T05:06:22.646Z 
LH:status Auditing: Document 
request latency
2026-03-11T05:06:22.649Z 
LH:status Auditing: Optimize 
DOM size
2026-03-11T05:06:22.652Z 
LH:status Auditing: 
Duplicated JavaScript
2026-03-11T05:06:22.656Z 
LH:status Auditing: Font 
display
2026-03-11T05:06:22.660Z 
LH:status Auditing: Forced 
reflow
2026-03-11T05:06:22.663Z 
LH:status Auditing: Improve 
image delivery
2026-03-11T05:06:22.665Z 
LH:status Auditing: INP 
breakdown
2026-03-11T05:06:22.666Z 
LH:status Auditing: LCP 
breakdown
2026-03-11T05:06:22.668Z 
LH:status Auditing: LCP 
request discovery
2026-03-11T05:06:22.670Z 
LH:status Auditing: Legacy 
JavaScript
2026-03-11T05:06:22.672Z 
LH:status Auditing: Modern 
HTTP
2026-03-11T05:06:22.673Z 
LH:status Auditing: Network 
dependency tree
2026-03-11T05:06:22.675Z 
LH:status Auditing: Render 
blocking requests
2026-03-11T05:06:22.677Z 
LH:status Auditing: 3rd 
parties
2026-03-11T05:06:22.711Z 
LH:status Auditing: Optimize 
viewport for mobile
2026-03-11T05:06:22.712Z 
LH:status Generating 
results...
Γ£à Report generated: C:\Users\gjyos\OneDrive\Desktop\SE_Project\novasketch-testing\reports\frontend-performance-auth-page.html
Performance: 70 | Accessibility: 77 | Best Practices: 96 | SEO: 82
2026-03-11T05:06:22.748Z 
LH:ChromeLauncher Killing 
Chrome instance 29360

≡ƒÄë Frontend Performance Testing Complete!
